#
# A fatal error has been detected by the Java Runtime Environment:
#
#  EXCEPTION_ACCESS_VIOLATION (0xc0000005) at pc=0x000002935789a48a, pid=18756, tid=7664
#
# JRE version: Java(TM) SE Runtime Environment (25.0.2+10) (build 25.0.2+10-LTS-69)
# Java VM: Java HotSpot(TM) 64-Bit Server VM (25.0.2+10-LTS-69, mixed mode, emulated-client, sharing, tiered, compressed oops, compressed class ptrs, g1 gc, windows-amd64)
# Problematic frame:
# 
[error occurred during error reporting (printing problematic frame), id 0xc0000005, EXCEPTION_ACCESS_VIOLATION (0xc0000005) at pc=0x00007fffe0fc764b]
# No core dump will be written. Minidumps are not enabled by default on client versions of Windows
#
# If you would like to submit a bug report, please visit:
#   https://bugreport.java.com/bugreport/crash.jsp
#

---------------  S U M M A R Y ------------

Command Line: -Dcom.sun.management.jmxremote -Dcom.sun.management.jmxremote.port=53761 -Dcom.sun.management.jmxremote.authenticate=false -Dcom.sun.management.jmxremote.ssl=false -Djava.rmi.server.hostname=localhost -Dspring.jmx.enabled=true -Dmanagement.endpoints.jmx.exposure.include=* -Dspring.application.admin.enabled=true -Dspring.output.ansi.enabled=always -XX:TieredStopAtLevel=1 -Dspring.boot.project.name=E-campus -Dfile.encoding=UTF-8 -Dstdout.encoding=UTF-8 -Dstderr.encoding=UTF-8 -XX:+ShowCodeDetailsInExceptionMessages com.ECampusApplication

Host: Intel(R) Core(TM) i5-10300H CPU @ 2.50GHz, 8 cores, 15G,  Windows 11 , 64 bit Build 26100 (10.0.26100.7920)
Time: Mon Apr  6 21:55:57 2026 India Standard Time elapsed time: 60.082809 seconds (0d 0h 1m 0s)

---------------  T H R E A D  ---------------

Current thread (0x00000293699e82f0):  JavaThread "http-nio-9999-exec-8" daemon [_thread_in_Java, id=7664, stack(0x000000f2e9000000,0x000000f2e9100000) (1024K)]

Stack: [0x000000f2e9000000,0x000000f2e9100000],  sp=0x000000f2e90fb1f0,  free space=1004k
Native frames: (J=compiled Java code, j=interpreted, Vv=VM code, C=native code)
C  0x000002935789a48a  (no source info available)

The last pc belongs to fast_bgetfield (printed below).

siginfo: EXCEPTION_ACCESS_VIOLATION (0xc0000005), reading address 0xffffffffffffffff


Registers:
RAX=0x0000000706041a78, RBX=0x000000000000000c, RCX=0x0500029364d6d6b0, RDX=0x0500029364d6d6b0
RSP=0x000000f2e90fb1f0, RBP=0x000000f2e90fb238, RSI=0x0000000000000304, RDI=0x000000070625c268
R8 =0x0000000000004000, R9 =0x00000007065c56b0, R10=0x00007fffe148d980, R11=0x0000029358251220
R12=0x0000000000000000, R13=0x0000029364d6c6b9, R14=0x000000f2e90fb248, R15=0x00000293699e82f0
RIP=0x000002935789a48a, EFLAGS=0x0000000000010202

XMM[0]=0x0000000000000000 0x0000000000000000
XMM[1]=0x0000000000000000 0x4060000000000000
XMM[2]=0x0000000000000000 0x3ff0000000000000
XMM[3]=0x0000000000000000 0x0000000000000000
XMM[4]=0x0000000000000000 0x0000000000000000
XMM[5]=0x0000000000000000 0x0000000000000000
XMM[6]=0x0000000000000000 0x0000000000000000
XMM[7]=0x0000000000000000 0x0000000000000000
XMM[8]=0x0000000000000000 0x0000000000000000
XMM[9]=0x0000000000000000 0x0000000000000000
XMM[10]=0x0000000000000000 0x0000000000000000
XMM[11]=0x0000000000000000 0x0000000000000000
XMM[12]=0x0000000000000000 0x0000000000000000
XMM[13]=0x0000000000000000 0x0000000000000000
XMM[14]=0x0000000000000000 0x0000000000000000
XMM[15]=0x0000000000000000 0x0000000000000000
  MXCSR=0x00001fa0


Register to memory mapping:

RAX=0x0000000706041a78 is an oop: sun.security.ssl.ProtocolVersion 
{0x0000000706041a78} - klass: 'sun/security/ssl/ProtocolVersion' - flags: 

 - ---- fields (total size 5 words):
 - private final 'ordinal' 'I' @12  0 (0x00000000)
 - private 'hash' 'I' @16  0 (0x00000000)
 - private final 'name' 'Ljava/lang/String;' @20  "TLS13"{0x0000000706041aa0} (0xe0c08354)
 - public protected volatile injected '
[error occurred during error reporting (printing register info), id 0xc0000005, EXCEPTION_ACCESS_VIOLATION (0xc0000005) at pc=0x00007fffe0fc8585]
RBX=0x000000000000000c is an unknown value
RCX=0x0500029364d6d6b0 is an unknown value
RDX=0x0500029364d6d6b0 is an unknown value
RSP=0x000000f2e90fb1f0 is pointing into the stack for thread: 0x00000293699e82f0
RBP=0x000000f2e90fb238 is pointing into the stack for thread: 0x00000293699e82f0
RSI=0x0000000000000304 is an unknown value
RDI=0x000000070625c268 is pointing into object: java.util.concurrent.locks.ReentrantLock$NonfairSync 
{0x000000070625c250} - klass: 'java/util/concurrent/locks/ReentrantLock$NonfairSync' - flags: 

 - ---- fields (total size 4 words):
 - private transient 'exclusiveOwnerThread' 'Ljava/lang/Thread;' @12  a 'org/apache/tomcat/util/threads/TaskThread'{0x0000000707e7fb48} (0xe0fcff69)
 - private volatile transient 'head' 'Ljava/util/concurrent/locks/AbstractQueuedSynchronizer$Node;' @16  null (0x00000000)
 - private volatile transient 'tail' 'Ljava/util/concurrent/locks/AbstractQueuedSynchronizer$Node;' @20  null (0x00000000)
 - private volatile 'state' 'I' @24  1 (0x00000001)
R8 =0x0000000000004000 is an unknown value
R9 =0x00000007065c56b0 is an oop: java.lang.Class 
{0x00000007065c56b0} - klass: 'java/lang/Class' - flags: 

 - ---- fields (total size 16 words):
 - private volatile transient 'classRedefinedCount' 'I' @12  0 (0x00000000)
 - injected 'klass' 'J' @16  1013770112 (0x000000003c6ce780)
 - injected 'array_klass' 'J' @24  0 (0x0000000000000000)
 - injected 'oop_size' 'I' @32  16 (0x00000010)
 - injected 'static_oop_field_count' 'I' @36  1 (0x00000001)
 - private final transient 'modifiers' 'C' @40    26 (0x001a)
 - private final transient 'primitive' 'Z' @42  false (0x00)
 - private volatile transient 'cachedConstructor' 'Ljava/lang/reflect/Constructor;' @44  null (0x00000000)
 - private transient 'name' 'Ljava/lang/String;' @48  null (0x00000000)
 - private transient 'module' 'Ljava/lang/Module;' @52  a 'java/lang/Module'{0x0000000702e2f838} (0xe05c5f07)
 - private final 'classLoader' 'Ljava/lang/ClassLoader;' @56  null (0x00000000)
 - private transient 'classData' 'Ljava/lang/Object;' @60  null (0x00000000)
 - private transient 'signers' '[Ljava/lang/Object;' @64  null (0x00000000)
 - private transient 'packageName' 'Ljava/lang/String;' @68  null (0x00000000)
 - private final transient 'componentType' 'Ljava/lang/Class;' @72  null (0x00000000)
 - private final transient 'protectionDomain' 'Ljava/security/ProtectionDomain;' @76  null (0x00000000)
 - private volatile transient 'reflectionData' 'Ljava/lang/ref/SoftReference;' @80  null (0x00000000)
 - private volatile transient 'genericInfo' 'Lsun/reflect/generics/repository/ClassRepository;' @84  null (0x00000000)
 - private volatile transient 'enumConstants' '[Ljava/lang/Object;' @88  null (0x00000000)
 - private volatile transient 'enumConstantDirectory' 'Ljava/util/Map;' @92  null (0x00000000)
 - private volatile transient 'annotationData' 'Ljava/lang/Class$AnnotationData;' @96  null (0x00000000)
 - private volatile transient 'annotationType' 'Lsun/reflect/annotation/AnnotationType;' @100  null (0x00000000)
 - transient 'classValueMap' 'Ljava/lang/ClassValue$ClassValueMap;' @104  null (0x00000000)
 - injected 'source_file' 'Ljava/lang/Object;' @108  null (0x00000000)
 - injected '<init_lock>' 'Ljava/lang/Object;' @112  null (0x00000000)
 - signature: Lsun/security/ssl/OutputRecord$T13PaddingHolder;
 - ---- static fields (1):
 - private static final 'zeros' '[B' @120  [B{0x00000007065a82f8} (0xe0cb505f)
R10=0x00007fffe148d980 jvm.dll
R11=0x0000029358251220 is at entry_point+14 in (nmethod*)0x0000029358251108
Compiled method (c1) 60120 6237       1      
[error occurred during error reporting (printing register info, attempt 2), id 0xc0000005, EXCEPTION_ACCESS_VIOLATION (0xc0000005) at pc=0x00007fffe0e4f510]
R12=0x0 is null
R13=0x0000029364d6c6b9 is pointing into metadata
R14=0x000000f2e90fb248 is pointing into the stack for thread: 0x00000293699e82f0
R15=0x00000293699e82f0 is a thread

Top of Stack: (sp=0x000000f2e90fb1f0)
0x000000f2e90fb1f0:   fffffffffffffff7 0000029364d6c6b8   ...........d....
0x000000f2e90fb200:   0000000000000002 0500029364d6d6b0   ...........d....
0x000000f2e90fb210:   0000000000000000 00000007065daa20   ........ .].....
0x000000f2e90fb220:   0000029364d6c6e8 0000000000000000   ...d............
0x000000f2e90fb230:   000000f2e90fb248 000000f2e90fb298   H...............
0x000000f2e90fb240:   0000029357888b3a 0000000706041a78   :..W....x.......
0x000000f2e90fb250:   fffffffffffffff7 00000293657b8b9c   ..........{e....
0x000000f2e90fb260:   0000000000000002 00000293657bd208   ..........{e....
0x000000f2e90fb270:   0000000000000000 00000007065d3950   ........P9].....
0x000000f2e90fb280:   00000293657b8bd8 fffffffffffffff6   ..{e............
0x000000f2e90fb290:   000000f2e90fb2a8 000000f2e90fb2f8   ................
0x000000f2e90fb2a0:   0000029357888b3a 000000070625b678   :..W....x.%.....
0x000000f2e90fb2b0:   fffffffffffffff7 00000293657b8824   ........$.{e....
0x000000f2e90fb2c0:   000000000000000a 00000293657bd208   ..........{e....
0x000000f2e90fb2d0:   0000000000000000 00000007065d3950   ........P9].....
0x000000f2e90fb2e0:   00000293657b89d8 fffffffffffffff6   ..{e............
0x000000f2e90fb2f0:   000000f2e90fb330 000000f2e90fb398   0...............
0x000000f2e90fb300:   00000293578889f2 0000000000000000   ...W............
0x000000f2e90fb310:   0000000000000000 0000000000003fef   .........?......
0x000000f2e90fb320:   0000000000000005 0000000000000001   ................
0x000000f2e90fb330:   0000000000000005 0000000000000000   ................
0x000000f2e90fb340:   000000070625d3f8 000000070625b678   ..%.....x.%.....
0x000000f2e90fb350:   fffffffffffffff7 00000293657a3853   ........S8ze....
0x000000f2e90fb360:   0000000000000006 00000293657a3e98   .........>ze....
0x000000f2e90fb370:   0000000000000000 00000007065d4658   ........XF].....
0x000000f2e90fb380:   00000293657a3948 fffffffffffffff3   H9ze............
0x000000f2e90fb390:   000000f2e90fb3d0 000000f2e90fb498   ................
0x000000f2e90fb3a0:   000002935848a754 0000000000000000   T.HX............
0x000000f2e90fb3b0:   000000f200000005 0000000000000000   ................
0x000000f2e90fb3c0:   000000070625d3f8 000000070625d320   ..%..... .%.....
0x000000f2e90fb3d0:   000000070625d3f8 000000070b8ad690   ..%.............
0x000000f2e90fb3e0:   0000000000ffffff 0000000000000001   ................

Instructions: (pc=0x000002935789a48a)
  0x000002935789a38a:   0f 84 19 00 00 00 48 83 ec 08 48 b8 90 17 b7 e0
  0x000002935789a39a:   ff 7f 00 00 ff d0 48 83 c4 08 e9 0c 00 00 00 48
  0x000002935789a3aa:   b8 90 17 b7 e0 ff 7f 00 00 ff d0 48 83 c4 20 49
  0x000002935789a3ba:   c7 87 28 04 00 00 00 00 00 00 49 c7 87 38 04 00
  0x000002935789a3ca:   00 00 00 00 00 49 c7 87 30 04 00 00 00 00 00 00
  0x000002935789a3da:   c5 f8 77 49 83 7f 08 00 0f 84 05 00 00 00 e9 f3
  0x000002935789a3ea:   6d fe ff 4c 8b 6d c0 4c 8b 75 c8 4e 8d 74 f5 00
  0x000002935789a3fa:   c3 49 ba 80 31 49 e1 ff 7f 00 00 41 ff 24 da 0f
  0x000002935789a40a:   1f 80 00 00 00 00 40 4f 1a e1 ff 7f 00 00 50 00
  0x000002935789a41a:   00 00 cb 00 00 00 58 48 8b 4d d0 41 0f b7 5d 01
  0x000002935789a42a:   48 8b 49 30 6b db 18 48 8d 4c 19 08 8b 59 08 48
  0x000002935789a43a:   3b 00 8b 04 18 48 c1 e0 03 41 0f b6 5d 03 49 83
  0x000002935789a44a:   c5 03 49 ba 80 d9 48 e1 ff 7f 00 00 41 ff 24 da
  0x000002935789a45a:   66 0f 1f 44 00 00 50 4f 1a e1 ff 7f 00 00 58 00
  0x000002935789a46a:   00 00 cc 00 00 00 00 00 00 00 00 00 00 00 00 00
  0x000002935789a47a:   00 00 00 00 00 00 58 48 8b 4d d0 41 0f b7 5d 01
=>0x000002935789a48a:   48 8b 49 30 6b db 18 48 8d 4c 19 08 8b 59 08 48
  0x000002935789a49a:   3b 00 0f be 04 18 41 0f b6 5d 03 49 83 c5 03 49
  0x000002935789a4aa:   ba 80 b9 48 e1 ff 7f 00 00 41 ff 24 da 90 60 4f
  0x000002935789a4ba:   1a e1 ff 7f 00 00 60 00 00 00 cd 00 00 00 00 00
  0x000002935789a4ca:   00 00 00 00 00 00 00 00 00 00 00 00 00 00 00 00
  0x000002935789a4da:   00 00 00 00 00 00 58 48 8b 4d d0 41 0f b7 5d 01
  0x000002935789a4ea:   48 8b 49 30 6b db 18 48 8d 4c 19 08 8b 59 08 48
  0x000002935789a4fa:   3b 00 0f b7 04 18 41 0f b6 5d 03 49 83 c5 03 49
  0x000002935789a50a:   ba 80 b9 48 e1 ff 7f 00 00 41 ff 24 da 90 70 4f
  0x000002935789a51a:   1a e1 ff 7f 00 00 60 00 00 00 ce 00 00 00 00 00
  0x000002935789a52a:   00 00 00 00 00 00 00 00 00 00 00 00 00 00 00 00
  0x000002935789a53a:   00 00 00 00 00 00 58 48 8b 4d d0 41 0f b7 5d 01
  0x000002935789a54a:   48 8b 49 30 6b db 18 48 8d 4c 19 08 8b 59 08 48
  0x000002935789a55a:   3b 00 c5 fb 10 04 18 41 0f b6 5d 03 49 83 c5 03
  0x000002935789a56a:   49 ba 80 d1 48 e1 ff 7f 00 00 41 ff 24 da 80 4f
  0x000002935789a57a:   1a e1 ff 7f 00 00 60 00 00 00 cf 00 00 00 00 00


Stack slot to memory mapping:

stack at sp + 0 slots: 0xfffffffffffffff7 is an unknown value
stack at sp + 1 slots: 0x0000029364d6c6b8 is pointing into metadata
stack at sp + 2 slots: 0x0000000000000002 is an unknown value
stack at sp + 3 slots: 0x0500029364d6d6b0 is an unknown value
stack at sp + 4 slots: 0x0 is null
stack at sp + 5 slots: 0x00000007065daa20 is an oop: java.lang.Class 
{0x00000007065daa20} - klass: 'java/lang/Class' - flags: 

 - ---- fields (total size 30 words):
 - private volatile transient 'classRedefinedCount' 'I' @12  0 (0x00000000)
 - injected 'klass' 'J' @16  1011500768 (0x000000003c4a46e0)
 - injected 'array_klass' 'J' @24  1011501360 (0x000000003c4a4930)
 - injected 'oop_size' 'I' @32  30 (0x0000001e)
 - injected 'static_oop_field_count' 'I' @36  27 (0x0000001b)
 - private final transient 'modifiers' 'C' @40    16400 (0x4010)
 - private final transient 'primitive' 'Z' @42  false (0x00)
 - private volatile transient 'cachedConstructor' 'Ljava/lang/reflect/Constructor;' @44  null (0x00000000)
 - private transient 'name' 'Ljava/lang/String;' @48  null (0x00000000)
 - private transient 'module' 'Ljava/lang/Module;' @52  a 'java/lang/Module'{0x0000000702e2f838} (0xe05c5f07)
 - private final 'classLoader' 'Ljava/lang/ClassLoader;' @56  null (0x00000000)
 - private transient 'classData' 'Ljava/lang/Object;' @60  null (0x00000000)
 - private transient 'signers' '[Ljava/lang/Object;' @64  null (0x00000000)
 - private transient 'packageName' 'Ljava/lang/String;' @68  null (0x00000000)
 - private final transient 'componentType' 'Ljava/lang/Class;' @72  null (0x00000000)
 - private final transient 'protectionDomain' 'Ljava/security/ProtectionDomain;' @76  null (0x00000000)
 - private volatile transient 'reflectionData' 'Ljava/lang/ref/SoftReference;' @80  null (0x00000000)
 - private volatile transient 'genericInfo' 'Lsun/reflect/generics/repository/ClassRepository;' @84  null (0x00000000)
 - private volatile transient 'enumConstants' '[Ljava/lang/Object;' @88  null (0x00000000)
 - private volatile transient 'enumConstantDirectory' 'Ljava/util/Map;' @92  null (0x00000000)
 - private volatile transient 'annotationData' 'Ljava/lang/Class$AnnotationData;' @96  null (0x00000000)
 - private volatile transient 'annotationType' 'Lsun/reflect/annotation/AnnotationType;' @100  null (0x00000000)
 - transient 'classValueMap' 'Ljava/lang/ClassValue$ClassValueMap;' @104  null (0x00000000)
 - injected 'source_file' 'Ljava/lang/Object;' @108  null (0x00000000)
 - injected '<init_lock>' 'Ljava/lang/Object;' @112  null (0x00000000)
 - signature: Lsun/security/ssl/ProtocolVersion;
 - ---- static fields (27):
 - public static final 'TLS13' 'Lsun/security/ssl/ProtocolVersion;' @120  a 'sun/security/ssl/ProtocolVersion'{0x0000000706041a78} (0xe0c0834f)
 - public static final 'TLS12' 'Lsun/security/ssl/ProtocolVersion;' @124  a 'sun/security/ssl/ProtocolVersion'{0x0000000706078e08} (0xe0c0f1c1)
 - public static final 'TLS11' 'Lsun/security/ssl/ProtocolVersion;' @128  a 'sun/security/ssl/ProtocolVersion'{0x0000000706078db0} (0xe0c0f1b6)
 - public static final 'TLS10' 'Lsun/security/ssl/ProtocolVersion;' @132  a 'sun/security/ssl/ProtocolVersion'{0x0000000706078d58} (0xe0c0f1ab)
 - public static final 'SSL30' 'Lsun/security/ssl/ProtocolVersion;' @136  a 'sun/security/ssl/ProtocolVersion'{0x0000000706078d00} (0xe0c0f1a0)
 - public static final 'SSL20Hello' 'Lsun/security/ssl/ProtocolVersion;' @140  a 'sun/security/ssl/ProtocolVersion'{0x00000007065db168} (0xe0cbb62d)
 - public static final 'DTLS12' 'Lsun/security/ssl/ProtocolVersion;' @144  a 'sun/security/ssl/ProtocolVersion'{0x0000000706043ee8} (0xe0c087dd)
 - public static final 'DTLS10' 'Lsun/security/ssl/ProtocolVersion;' @148  a 'sun/security/ssl/ProtocolVersion'{0x0000000706043e90} (0xe0c087d2)
 - public static final 'NONE' 'Lsun/security/ssl/ProtocolVersion;' @152  a 'sun/security/ssl/ProtocolVersion'{0x000000070607c520} (0xe0c0f8a4)
 - static final 'LIMIT_MAX_VALUE' 'I' @10724  -523464799 (0xe0cc8fa1)
 - static final '
[error occurred during error reporting (inspecting top of stack), id 0xc0000005, EXCEPTION_ACCESS_VIOLATION (0xc0000005) at pc=0x00007fffe0fc8585]
stack at sp + 6 slots: {method} {0x0000029364d6c6f0} '
[error occurred during error reporting (inspecting top of stack, attempt 2), id 0xc0000005, EXCEPTION_ACCESS_VIOLATION (0xc0000005) at pc=0x00007fffe0fc8585]
stack at sp + 7 slots: 0x0 is null

Lock stack of current Java thread (top to bottom):
LockStack[0]: java.io.BufferedOutputStream 
{0x000000070625d3c0} - klass: 'java/io/BufferedOutputStream' - flags: 

 - ---- fields (total size 5 words):
 - private volatile 'closed' 'Z' @12  false (0x00)
 - protected 'out' 'Ljava/io/OutputStream;' @16  a 'sun/security/ssl/SSLSocketImpl$AppOutputStream'{0x000000070625d320} (0xe0c4ba64)
 - private final 'closeLock' 'Ljava/lang/Object;' @20  a 'java/lang/Object'{0x000000070625d3e8} (0xe0c4ba7d)
 - protected 'buf' '[B' @24  [B{0x000000070625d3f8} (0xe0c4ba7f)
 - protected 'count' 'I' @28  5 (0x00000005)
 - private final 'maxBufSize' 'I' @32  16384 (0x00004000)

fast_bgetfield  204 fast_bgetfield  [0x000002935789a480, 0x000002935789a4b8]  56 bytes
[MachCode]
  0x000002935789a480: 5848 8b4d | d041 0fb7 | 5d01 488b | 4930 6bdb | 1848 8d4c | 1908 8b59 | 0848 3b00 | 0fbe 0418 
  0x000002935789a4a0: 410f b65d | 0349 83c5 | 0349 ba80 | b948 e1ff | 7f00 0041 | ff24 da90 
[/MachCode]

---------------  P R O C E S S  ---------------

Threads class SMR info:
_java_thread_list=0x0000029369d63100, length=41, elements={
0x0000029361fa8ca0, 0x0000029361fa95b0, 0x0000029361faf580, 0x0000029361fb15f0,
0x0000029361fbae90, 0x0000029361fbe730, 0x0000029361fc5000, 0x0000029362424f90,
0x000002936242df70, 0x00000293677bdb10, 0x00000293677c3d00, 0x00000293677d0a70,
0x0000029367a16620, 0x0000029367a36440, 0x0000029367a2c530, 0x0000029367a303b0,
0x0000029367a31b20, 0x0000029368990860, 0x0000029368990090, 0x0000029368991030,
0x0000029368994eb0, 0x00000293689975c0, 0x00000293699e3ca0, 0x00000293699e63b0,
0x00000293699e4470, 0x00000293699e4c40, 0x00000293699e7350, 0x00000293699e6b80,
0x00000293699e9a60, 0x00000293699e82f0, 0x00000293699ea230, 0x00000293699ffd60,
0x0000029369a03be0, 0x0000029369a02c40, 0x0000029369a00d00, 0x0000029369a05b20,
0x0000029369a06ac0, 0x0000029367a2ec40, 0x000002936744f790, 0x000002936744ff60,
0x000002936744efc0
}

Java Threads: ( => current thread )
  0x0000029361fa8ca0 JavaThread "Reference Handler"          daemon [_thread_blocked, id=20340, stack(0x000000f2e6400000,0x000000f2e6500000) (1024K)]
  0x0000029361fa95b0 JavaThread "Finalizer"                  daemon [_thread_blocked, id=8400, stack(0x000000f2e6500000,0x000000f2e6600000) (1024K)]
  0x0000029361faf580 JavaThread "Signal Dispatcher"          daemon [_thread_blocked, id=17856, stack(0x000000f2e6600000,0x000000f2e6700000) (1024K)]
  0x0000029361fb15f0 JavaThread "Attach Listener"            daemon [_thread_blocked, id=9464, stack(0x000000f2e6700000,0x000000f2e6800000) (1024K)]
  0x0000029361fbae90 JavaThread "Service Thread"             daemon [_thread_blocked, id=7952, stack(0x000000f2e6800000,0x000000f2e6900000) (1024K)]
  0x0000029361fbe730 JavaThread "Monitor Deflation Thread"   daemon [_thread_blocked, id=11668, stack(0x000000f2e6900000,0x000000f2e6a00000) (1024K)]
  0x0000029361fc5000 JavaThread "C1 CompilerThread0"         daemon [_thread_blocked, id=13780, stack(0x000000f2e6a00000,0x000000f2e6b00000) (1024K)]
  0x0000029362424f90 JavaThread "Notification Thread"        daemon [_thread_blocked, id=4516, stack(0x000000f2e6c00000,0x000000f2e6d00000) (1024K)]
  0x000002936242df70 JavaThread "Common-Cleaner"             daemon [_thread_blocked, id=19152, stack(0x000000f2e6d00000,0x000000f2e6e00000) (1024K)]
  0x00000293677bdb10 JavaThread "RMI TCP Accept-0"           daemon [_thread_in_native, id=14948, stack(0x000000f2e7000000,0x000000f2e7100000) (1024K)]
  0x00000293677c3d00 JavaThread "RMI TCP Accept-53761"       daemon [_thread_in_native, id=18976, stack(0x000000f2e7100000,0x000000f2e7200000) (1024K)]
  0x00000293677d0a70 JavaThread "RMI TCP Accept-0"           daemon [_thread_in_native, id=11640, stack(0x000000f2e7200000,0x000000f2e7300000) (1024K)]
  0x0000029367a16620 JavaThread "RMI TCP Connection(idle)"   daemon [_thread_blocked, id=20776, stack(0x000000f2e7300000,0x000000f2e7400000) (1024K)]
  0x0000029367a36440 JavaThread "RMI Scheduler(0)"           daemon [_thread_blocked, id=20900, stack(0x000000f2e7600000,0x000000f2e7700000) (1024K)]
  0x0000029367a2c530 JavaThread "RMI TCP Connection(idle)"   daemon [_thread_blocked, id=20976, stack(0x000000f2e7700000,0x000000f2e7800000) (1024K)]
  0x0000029367a303b0 JavaThread "JMX server connection timeout 36" daemon [_thread_blocked, id=19336, stack(0x000000f2e7800000,0x000000f2e7900000) (1024K)]
  0x0000029367a31b20 JavaThread "Catalina-utility-1"                [_thread_blocked, id=14476, stack(0x000000f2e8100000,0x000000f2e8200000) (1024K)]
  0x0000029368990860 JavaThread "Catalina-utility-2"                [_thread_blocked, id=9608, stack(0x000000f2e8200000,0x000000f2e8300000) (1024K)]
  0x0000029368990090 JavaThread "container-0"                       [_thread_blocked, id=20452, stack(0x000000f2e8300000,0x000000f2e8400000) (1024K)]
  0x0000029368991030 JavaThread "mysql-cj-abandoned-connection-cleanup" daemon [_thread_blocked, id=21368, stack(0x000000f2e8400000,0x000000f2e8500000) (1024K)]
  0x0000029368994eb0 JavaThread "HikariPool-1:housekeeper"   daemon [_thread_blocked, id=20740, stack(0x000000f2e8600000,0x000000f2e8700000) (1024K)]
  0x00000293689975c0 JavaThread "File Watcher"               daemon [_thread_blocked, id=10736, stack(0x000000f2e8800000,0x000000f2e8900000) (1024K)]
  0x00000293699e3ca0 JavaThread "http-nio-9999-exec-1"       daemon [_thread_blocked, id=8116, stack(0x000000f2e8900000,0x000000f2e8a00000) (1024K)]
  0x00000293699e63b0 JavaThread "http-nio-9999-exec-2"       daemon [_thread_blocked, id=7256, stack(0x000000f2e8a00000,0x000000f2e8b00000) (1024K)]
  0x00000293699e4470 JavaThread "http-nio-9999-exec-3"       daemon [_thread_blocked, id=21476, stack(0x000000f2e8b00000,0x000000f2e8c00000) (1024K)]
  0x00000293699e4c40 JavaThread "http-nio-9999-exec-4"       daemon [_thread_blocked, id=172, stack(0x000000f2e8c00000,0x000000f2e8d00000) (1024K)]
  0x00000293699e7350 JavaThread "http-nio-9999-exec-5"       daemon [_thread_blocked, id=6080, stack(0x000000f2e8d00000,0x000000f2e8e00000) (1024K)]
  0x00000293699e6b80 JavaThread "http-nio-9999-exec-6"       daemon [_thread_blocked, id=19216, stack(0x000000f2e8e00000,0x000000f2e8f00000) (1024K)]
  0x00000293699e9a60 JavaThread "http-nio-9999-exec-7"       daemon [_thread_blocked, id=18804, stack(0x000000f2e8f00000,0x000000f2e9000000) (1024K)]
=>0x00000293699e82f0 JavaThread "http-nio-9999-exec-8"       daemon [_thread_in_Java, id=7664, stack(0x000000f2e9000000,0x000000f2e9100000) (1024K)]
  0x00000293699ea230 JavaThread "http-nio-9999-exec-9"       daemon [_thread_blocked, id=6492, stack(0x000000f2e9100000,0x000000f2e9200000) (1024K)]
  0x00000293699ffd60 JavaThread "http-nio-9999-exec-10"      daemon [_thread_blocked, id=20828, stack(0x000000f2e9200000,0x000000f2e9300000) (1024K)]
  0x0000029369a03be0 JavaThread "http-nio-9999-Poller"       daemon [_thread_in_native, id=14416, stack(0x000000f2e9300000,0x000000f2e9400000) (1024K)]
  0x0000029369a02c40 JavaThread "http-nio-9999-Acceptor"     daemon [_thread_in_native, id=3680, stack(0x000000f2e9400000,0x000000f2e9500000) (1024K)]
  0x0000029369a00d00 JavaThread "DestroyJavaVM"                     [_thread_blocked, id=8276, stack(0x000000f2e5c00000,0x000000f2e5d00000) (1024K)]
  0x0000029369a05b20 JavaThread "RMI TCP Connection(idle)"   daemon [_thread_blocked, id=20380, stack(0x000000f2e7500000,0x000000f2e7600000) (1024K)]
  0x0000029369a06ac0 JavaThread "RMI TCP Connection(idle)"   daemon [_thread_blocked, id=21464, stack(0x000000f2e9500000,0x000000f2e9600000) (1024K)]
  0x0000029367a2ec40 JavaThread "RMI TCP Connection(idle)"   daemon [_thread_blocked, id=21008, stack(0x000000f2e9700000,0x000000f2e9800000) (1024K)]
  0x000002936744f790 JavaThread "RMI TCP Connection(idle)"   daemon [_thread_blocked, id=13696, stack(0x000000f2e9800000,0x000000f2e9900000) (1024K)]
  0x000002936744ff60 JavaThread "RMI TCP Connection(idle)"   daemon [_thread_blocked, id=15676, stack(0x000000f2e9a00000,0x000000f2e9b00000) (1024K)]
  0x000002936744efc0 JavaThread "RMI TCP Connection(idle)"   daemon [_thread_blocked, id=17968, stack(0x000000f2e9b00000,0x000000f2e9c00000) (1024K)]
Total: 41

Other Threads:
  0x0000029361f99470 VMThread "VM Thread"                           [id=3324, stack(0x000000f2e6300000,0x000000f2e6400000) (1024K)] _threads_hazard_ptr=0x0000029369d63100
  0x0000029361e66660 WatcherThread "VM Periodic Task Thread"        [id=4468, stack(0x000000f2e6200000,0x000000f2e6300000) (1024K)]
  0x000002934f068490 WorkerThread "GC Thread#0"                     [id=19388, stack(0x000000f2e5d00000,0x000000f2e5e00000) (1024K)]
  0x0000029367aa7300 WorkerThread "GC Thread#1"                     [id=2704, stack(0x000000f2e7900000,0x000000f2e7a00000) (1024K)]
  0x0000029367ab08d0 WorkerThread "GC Thread#2"                     [id=20396, stack(0x000000f2e7a00000,0x000000f2e7b00000) (1024K)]
  0x0000029367ab0d00 WorkerThread "GC Thread#3"                     [id=10568, stack(0x000000f2e7b00000,0x000000f2e7c00000) (1024K)]
  0x0000029367ab1540 WorkerThread "GC Thread#4"                     [id=12804, stack(0x000000f2e7c00000,0x000000f2e7d00000) (1024K)]
  0x0000029367ab5980 WorkerThread "GC Thread#5"                     [id=7972, stack(0x000000f2e7d00000,0x000000f2e7e00000) (1024K)]
  0x00000293678be490 WorkerThread "GC Thread#6"                     [id=12488, stack(0x000000f2e7e00000,0x000000f2e7f00000) (1024K)]
  0x00000293678bfe70 WorkerThread "GC Thread#7"                     [id=20496, stack(0x000000f2e7f00000,0x000000f2e8000000) (1024K)]
  0x000002934f0828b0 ConcurrentGCThread "G1 Main Marker"            [id=2408, stack(0x000000f2e5e00000,0x000000f2e5f00000) (1024K)]
  0x000002934f083450 WorkerThread "G1 Conc#0"                       [id=9472, stack(0x000000f2e5f00000,0x000000f2e6000000) (1024K)]
  0x00000293678be8e0 WorkerThread "G1 Conc#1"                       [id=20508, stack(0x000000f2e8000000,0x000000f2e8100000) (1024K)]
  0x0000029361e58b40 ConcurrentGCThread "G1 Refine#0"               [id=6160, stack(0x000000f2e6000000,0x000000f2e6100000) (1024K)]
  0x0000029361e59750 ConcurrentGCThread "G1 Service"                [id=18840, stack(0x000000f2e6100000,0x000000f2e6200000) (1024K)]
Total: 15

Threads with active compile tasks:
Total: 0

VM state: not at safepoint (normal execution)

VM Mutex/Monitor currently owned by a thread: None

Heap address: 0x0000000702800000, size: 4056 MB, Compressed Oops mode: Zero based, Oop shift amount: 3

CDS archive(s) mapped at: [0x000000003b000000-0x000000003bdd0000-0x000000003bdd0000), size 14483456, SharedBaseAddress: 0x000000003b000000, ArchiveRelocationMode: 1.
Compressed class space mapped at: 0x000000003c000000-0x000000007c000000, reserved size: 1073741824
UseCompressedClassPointers 1, UseCompactObjectHeaders 0
Narrow klass pointer bits 32, Max shift 3
Narrow klass base: 0x000000003b000000, Narrow klass shift: 0
Encoding Range: [0x000000003b000000 - 0x000000013b000000), (4294967296 bytes)
Klass Range:    [0x000000003b010000 - 0x000000007c000000), (1090453504 bytes)
Klass ID Range:  [65536 - 1090519033) (1090453497)
Protection zone: [0x000000003b000000 - 0x000000003b010000), (65536 bytes)

GC Precious Log:
 CardTable entry size: 512
 Card Set container configuration: InlinePtr #cards 4 size 8 Array Of Cards #cards 16 size 48 Howl #buckets 8 coarsen threshold 3686 Howl Bitmap #cards 512 size 80 coarsen threshold 460 Card regions per heap region 1 cards per card region 4096
 CPUs: 8 total, 8 available
 Memory: 16221M
 Large Page Support: Disabled
 NUMA Support: Disabled
 Compressed Oops: Enabled (Zero based)
 Heap Region Size: 2M
 Heap Min Capacity: 8M
 Heap Initial Capacity: 254M
 Heap Max Capacity: 4056M
 Pre-touch: Disabled
 Parallel Workers: 8
 Concurrent Workers: 2
 Concurrent Refinement Workers: 8
 Periodic GC: Disabled

Heap:
 garbage-first heap   total reserved 4153344K, committed 157696K, used 93558K [0x0000000702800000, 0x0000000800000000)
  region size 2048K, 15 young (30720K), 4 survivors (8192K)

Heap Regions: E=young(eden), S=young(survivor), O=old, HS=humongous(starts), HC=humongous(continues), CS=collection set, F=free, TAMS=top-at-mark-start, PB=parsable bottom
|   0|0x0000000702800000, 0x0000000702a00000, 0x0000000702a00000|100%| O|  |TAMS 0x0000000702800000| PB 0x0000000702800000| Untracked |  0
|   1|0x0000000702a00000, 0x0000000702c00000, 0x0000000702c00000|100%| O|  |TAMS 0x0000000702a00000| PB 0x0000000702a00000| Untracked |  0
|   2|0x0000000702c00000, 0x0000000702e00000, 0x0000000702e00000|100%| O|Cm|TAMS 0x0000000702c00000| PB 0x0000000702c00000| Complete |  0
|   3|0x0000000702e00000, 0x0000000703000000, 0x0000000703000000|100%| O|  |TAMS 0x0000000702e00000| PB 0x0000000702e00000| Untracked |  0
|   4|0x0000000703000000, 0x0000000703200000, 0x0000000703200000|100%| O|  |TAMS 0x0000000703000000| PB 0x0000000703000000| Untracked |  0
|   5|0x0000000703200000, 0x0000000703400000, 0x0000000703400000|100%| O|  |TAMS 0x0000000703200000| PB 0x0000000703200000| Untracked |  0
|   6|0x0000000703400000, 0x0000000703600000, 0x0000000703600000|100%| O|Cm|TAMS 0x0000000703400000| PB 0x0000000703400000| Complete |  0
|   7|0x0000000703600000, 0x0000000703800000, 0x0000000703800000|100%| O|  |TAMS 0x0000000703600000| PB 0x0000000703600000| Untracked |  0
|   8|0x0000000703800000, 0x0000000703a00000, 0x0000000703a00000|100%| O|  |TAMS 0x0000000703800000| PB 0x0000000703800000| Untracked |  0
|   9|0x0000000703a00000, 0x0000000703c00000, 0x0000000703c00000|100%| O|  |TAMS 0x0000000703a00000| PB 0x0000000703a00000| Untracked |  0
|  10|0x0000000703c00000, 0x0000000703e00000, 0x0000000703e00000|100%| O|Cm|TAMS 0x0000000703c00000| PB 0x0000000703c00000| Complete |  0
|  11|0x0000000703e00000, 0x0000000704000000, 0x0000000704000000|100%| O|Cm|TAMS 0x0000000703e00000| PB 0x0000000703e00000| Complete |  0
|  12|0x0000000704000000, 0x0000000704200000, 0x0000000704200000|100%| O|Cm|TAMS 0x0000000704000000| PB 0x0000000704000000| Complete |  0
|  13|0x0000000704200000, 0x0000000704400000, 0x0000000704400000|100%| O|Cm|TAMS 0x0000000704200000| PB 0x0000000704200000| Complete |  0
|  14|0x0000000704400000, 0x0000000704600000, 0x0000000704600000|100%| O|Cm|TAMS 0x0000000704400000| PB 0x0000000704400000| Complete |  0
|  15|0x0000000704600000, 0x0000000704600000, 0x0000000704800000|  0%| F|  |TAMS 0x0000000704600000| PB 0x0000000704600000| Untracked |  0
|  16|0x0000000704800000, 0x0000000704a00000, 0x0000000704a00000|100%| O|Cm|TAMS 0x0000000704800000| PB 0x0000000704800000| Complete |  0
|  17|0x0000000704a00000, 0x0000000704a00000, 0x0000000704c00000|  0%| F|  |TAMS 0x0000000704a00000| PB 0x0000000704a00000| Untracked |  0
|  18|0x0000000704c00000, 0x0000000704e00000, 0x0000000704e00000|100%| O|  |TAMS 0x0000000704c00000| PB 0x0000000704c00000| Untracked |  0
|  19|0x0000000704e00000, 0x0000000705000000, 0x0000000705000000|100%| O|  |TAMS 0x0000000704e00000| PB 0x0000000704e00000| Untracked |  0
|  20|0x0000000705000000, 0x0000000705200000, 0x0000000705200000|100%| O|  |TAMS 0x0000000705000000| PB 0x0000000705000000| Untracked |  0
|  21|0x0000000705200000, 0x0000000705400000, 0x0000000705400000|100%| O|Cm|TAMS 0x0000000705200000| PB 0x0000000705200000| Complete |  0
|  22|0x0000000705400000, 0x0000000705600000, 0x0000000705600000|100%| O|Cm|TAMS 0x0000000705400000| PB 0x0000000705400000| Complete |  0
|  23|0x0000000705600000, 0x0000000705800000, 0x0000000705800000|100%| O|Cm|TAMS 0x0000000705600000| PB 0x0000000705600000| Complete |  0
|  24|0x0000000705800000, 0x0000000705a00000, 0x0000000705a00000|100%| O|  |TAMS 0x0000000705800000| PB 0x0000000705800000| Untracked |  0
|  25|0x0000000705a00000, 0x0000000705c00000, 0x0000000705c00000|100%| O|  |TAMS 0x0000000705a00000| PB 0x0000000705a00000| Untracked |  0
|  26|0x0000000705c00000, 0x0000000705e00000, 0x0000000705e00000|100%| O|  |TAMS 0x0000000705c00000| PB 0x0000000705c00000| Untracked |  0
|  27|0x0000000705e00000, 0x0000000706000000, 0x0000000706000000|100%| O|  |TAMS 0x0000000705e00000| PB 0x0000000705e00000| Untracked |  0
|  28|0x0000000706000000, 0x0000000706200000, 0x0000000706200000|100%| O|  |TAMS 0x0000000706000000| PB 0x0000000706000000| Untracked |  0
|  29|0x0000000706200000, 0x0000000706400000, 0x0000000706400000|100%| O|  |TAMS 0x0000000706200000| PB 0x0000000706200000| Untracked |  0
|  30|0x0000000706400000, 0x0000000706600000, 0x0000000706600000|100%| O|  |TAMS 0x0000000706400000| PB 0x0000000706400000| Untracked |  0
|  31|0x0000000706600000, 0x0000000706800000, 0x0000000706800000|100%| O|  |TAMS 0x0000000706600000| PB 0x0000000706600000| Untracked |  0
|  32|0x0000000706800000, 0x0000000706a00000, 0x0000000706a00000|100%| O|  |TAMS 0x0000000706800000| PB 0x0000000706800000| Untracked |  0
|  33|0x0000000706a00000, 0x0000000706bfe880, 0x0000000706c00000| 99%| O|  |TAMS 0x0000000706a00000| PB 0x0000000706a00000| Untracked |  0
|  34|0x0000000706c00000, 0x0000000706c00000, 0x0000000706e00000|  0%| F|  |TAMS 0x0000000706c00000| PB 0x0000000706c00000| Untracked |  0
|  35|0x0000000706e00000, 0x0000000706e00000, 0x0000000707000000|  0%| F|  |TAMS 0x0000000706e00000| PB 0x0000000706e00000| Untracked |  0
|  36|0x0000000707000000, 0x0000000707000000, 0x0000000707200000|  0%| F|  |TAMS 0x0000000707000000| PB 0x0000000707000000| Untracked |  0
|  37|0x0000000707200000, 0x000000070735f030, 0x0000000707400000| 68%| S|CS|TAMS 0x0000000707200000| PB 0x0000000707200000| Complete |  0
|  38|0x0000000707400000, 0x0000000707400000, 0x0000000707600000|  0%| F|  |TAMS 0x0000000707400000| PB 0x0000000707400000| Untracked |  0
|  39|0x0000000707600000, 0x0000000707600000, 0x0000000707800000|  0%| F|  |TAMS 0x0000000707600000| PB 0x0000000707600000| Untracked |  0
|  40|0x0000000707800000, 0x0000000707a00000, 0x0000000707a00000|100%| S|CS|TAMS 0x0000000707800000| PB 0x0000000707800000| Complete |  0
|  41|0x0000000707a00000, 0x0000000707c00000, 0x0000000707c00000|100%| S|CS|TAMS 0x0000000707a00000| PB 0x0000000707a00000| Complete |  0
|  42|0x0000000707c00000, 0x0000000707c00000, 0x0000000707e00000|  0%| F|  |TAMS 0x0000000707c00000| PB 0x0000000707c00000| Untracked |  0
|  43|0x0000000707e00000, 0x0000000708000000, 0x0000000708000000|100%| S|CS|TAMS 0x0000000707e00000| PB 0x0000000707e00000| Complete |  0
|  44|0x0000000708000000, 0x0000000708000000, 0x0000000708200000|  0%| F|  |TAMS 0x0000000708000000| PB 0x0000000708000000| Untracked |  0
|  45|0x0000000708200000, 0x0000000708200000, 0x0000000708400000|  0%| F|  |TAMS 0x0000000708200000| PB 0x0000000708200000| Untracked |  0
|  46|0x0000000708400000, 0x0000000708400000, 0x0000000708600000|  0%| F|  |TAMS 0x0000000708400000| PB 0x0000000708400000| Untracked |  0
|  47|0x0000000708600000, 0x0000000708600000, 0x0000000708800000|  0%| F|  |TAMS 0x0000000708600000| PB 0x0000000708600000| Untracked |  0
|  48|0x0000000708800000, 0x0000000708800000, 0x0000000708a00000|  0%| F|  |TAMS 0x0000000708800000| PB 0x0000000708800000| Untracked |  0
|  49|0x0000000708a00000, 0x0000000708a00000, 0x0000000708c00000|  0%| F|  |TAMS 0x0000000708a00000| PB 0x0000000708a00000| Untracked |  0
|  50|0x0000000708c00000, 0x0000000708c00000, 0x0000000708e00000|  0%| F|  |TAMS 0x0000000708c00000| PB 0x0000000708c00000| Untracked |  0
|  51|0x0000000708e00000, 0x0000000708e00000, 0x0000000709000000|  0%| F|  |TAMS 0x0000000708e00000| PB 0x0000000708e00000| Untracked |  0
|  52|0x0000000709000000, 0x0000000709000000, 0x0000000709200000|  0%| F|  |TAMS 0x0000000709000000| PB 0x0000000709000000| Untracked |  0
|  53|0x0000000709200000, 0x0000000709200000, 0x0000000709400000|  0%| F|  |TAMS 0x0000000709200000| PB 0x0000000709200000| Untracked |  0
|  54|0x0000000709400000, 0x0000000709400000, 0x0000000709600000|  0%| F|  |TAMS 0x0000000709400000| PB 0x0000000709400000| Untracked |  0
|  55|0x0000000709600000, 0x0000000709600000, 0x0000000709800000|  0%| F|  |TAMS 0x0000000709600000| PB 0x0000000709600000| Untracked |  0
|  56|0x0000000709800000, 0x0000000709800000, 0x0000000709a00000|  0%| F|  |TAMS 0x0000000709800000| PB 0x0000000709800000| Untracked |  0
|  57|0x0000000709a00000, 0x0000000709a00000, 0x0000000709c00000|  0%| F|  |TAMS 0x0000000709a00000| PB 0x0000000709a00000| Untracked |  0
|  58|0x0000000709c00000, 0x0000000709c00000, 0x0000000709e00000|  0%| F|  |TAMS 0x0000000709c00000| PB 0x0000000709c00000| Untracked |  0
|  59|0x0000000709e00000, 0x0000000709e00000, 0x000000070a000000|  0%| F|  |TAMS 0x0000000709e00000| PB 0x0000000709e00000| Untracked |  0
|  60|0x000000070a000000, 0x000000070a000000, 0x000000070a200000|  0%| F|  |TAMS 0x000000070a000000| PB 0x000000070a000000| Untracked |  0
|  61|0x000000070a200000, 0x000000070a200000, 0x000000070a400000|  0%| F|  |TAMS 0x000000070a200000| PB 0x000000070a200000| Untracked |  0
|  62|0x000000070a400000, 0x000000070a400000, 0x000000070a600000|  0%| F|  |TAMS 0x000000070a400000| PB 0x000000070a400000| Untracked |  0
|  63|0x000000070a600000, 0x000000070a600000, 0x000000070a800000|  0%| F|  |TAMS 0x000000070a600000| PB 0x000000070a600000| Untracked |  0
|  64|0x000000070a800000, 0x000000070a800000, 0x000000070aa00000|  0%| F|  |TAMS 0x000000070a800000| PB 0x000000070a800000| Untracked |  0
|  65|0x000000070aa00000, 0x000000070aa00000, 0x000000070ac00000|  0%| F|  |TAMS 0x000000070aa00000| PB 0x000000070aa00000| Untracked |  0
|  66|0x000000070ac00000, 0x000000070ad1c4a0, 0x000000070ae00000| 55%| E|  |TAMS 0x000000070ac00000| PB 0x000000070ac00000| Complete |  0
|  67|0x000000070ae00000, 0x000000070b000000, 0x000000070b000000|100%| E|CS|TAMS 0x000000070ae00000| PB 0x000000070ae00000| Complete |  0
|  68|0x000000070b000000, 0x000000070b200000, 0x000000070b200000|100%| E|CS|TAMS 0x000000070b000000| PB 0x000000070b000000| Complete |  0
|  69|0x000000070b200000, 0x000000070b400000, 0x000000070b400000|100%| E|CS|TAMS 0x000000070b200000| PB 0x000000070b200000| Complete |  0
|  70|0x000000070b400000, 0x000000070b600000, 0x000000070b600000|100%| E|CS|TAMS 0x000000070b400000| PB 0x000000070b400000| Complete |  0
|  71|0x000000070b600000, 0x000000070b800000, 0x000000070b800000|100%| E|CS|TAMS 0x000000070b600000| PB 0x000000070b600000| Complete |  0
|  72|0x000000070b800000, 0x000000070ba00000, 0x000000070ba00000|100%| E|CS|TAMS 0x000000070b800000| PB 0x000000070b800000| Complete |  0
|  73|0x000000070ba00000, 0x000000070bc00000, 0x000000070bc00000|100%| E|CS|TAMS 0x000000070ba00000| PB 0x000000070ba00000| Complete |  0
|  74|0x000000070bc00000, 0x000000070be00000, 0x000000070be00000|100%| E|CS|TAMS 0x000000070bc00000| PB 0x000000070bc00000| Complete |  0
| 126|0x0000000712400000, 0x0000000712600000, 0x0000000712600000|100%| E|CS|TAMS 0x0000000712400000| PB 0x0000000712400000| Complete |  0
|2027|0x00000007ffe00000, 0x0000000800000000, 0x0000000800000000|100%| E|CS|TAMS 0x00000007ffe00000| PB 0x00000007ffe00000| Complete |  0

Card table byte_map: [0x000002935b180000,0x000002935b970000] _byte_map_base: 0x000002935796c000

Marking Bits: (CMBitMap*) 0x000002934f068c20
 Bits: [0x000002935b970000, 0x000002935f8d0000)

Polling page: 0x000002934ce40000

Metaspace:
Metaspace        used 95162K, committed 95936K, reserved 1179648K
 class space     used 14045K, committed 14400K, reserved 1048576K

Usage:
  Non-class:     79.22 MB used.
      Class:     13.72 MB used.
       Both:     92.93 MB used.

Virtual space:
  Non-class space:      128.00 MB reserved,      79.62 MB ( 62%) committed,  2 nodes.
      Class space:        1.00 GB reserved,      14.06 MB (  1%) committed,  1 nodes.
             Both:        1.12 GB reserved,      93.69 MB (  8%) committed. 

Chunk freelists:
   Non-Class:  15.61 MB
       Class:  2.00 MB
        Both:  17.61 MB

MaxMetaspaceSize: unlimited
CompressedClassSpaceSize: 1.00 GB
Initial GC threshold: 21.00 MB
Current GC threshold: 155.94 MB
CDS: on
 - commit_granule_bytes: 65536.
 - commit_granule_words: 8192.
 - virtual_space_node_default_size: 8388608.
 - enlarge_chunks_in_place: 1.
UseCompressedClassPointers 1, UseCompactObjectHeaders 0
Narrow klass pointer bits 32, Max shift 3
Narrow klass base: 0x000000003b000000, Narrow klass shift: 0
Encoding Range: [0x000000003b000000 - 0x000000013b000000), (4294967296 bytes)
Klass Range:    [0x000000003b010000 - 0x000000007c000000), (1090453504 bytes)
Klass ID Range:  [65536 - 1090519033) (1090453497)
Protection zone: [0x000000003b000000 - 0x000000003b010000), (65536 bytes)


Internal statistics:

num_allocs_failed_limit: 21.
num_arena_births: 880.
num_arena_deaths: 0.
num_vsnodes_births: 3.
num_vsnodes_deaths: 0.
num_space_committed: 1499.
num_space_uncommitted: 0.
num_chunks_returned_to_freelist: 21.
num_chunks_taken_from_freelist: 4108.
num_chunk_merges: 21.
num_chunk_splits: 3117.
num_chunks_enlarged: 2601.
num_inconsistent_stats: 0.

CodeCache: size=49152Kb used=13335Kb max_used=14567Kb free=35816Kb
 bounds [0x0000029357880000, 0x00000293586c0000, 0x000002935a880000]
 total_blobs=10933, nmethods=10100, adapters=755, full_count=0
Compilation: enabled, stopped_count=0, restarted_count=0

Compilation events (20 events):
Event: 52.490 Thread 0x000002936827b8b0 10233       1       java.util.concurrent.locks.AbstractQueuedSynchronizer$Node::<init> (5 bytes)
Event: 52.492 Thread 0x000002936827b8b0 nmethod 10233 0x0000029357b9ef88 code [0x0000029357b9f080, 0x0000029357b9f140]
Event: 52.524 Thread 0x000002936827b8b0 10234       1       org.apache.catalina.webresources.Cache$$Lambda/0x000000003cc8e5b8::applyAsLong (8 bytes)
Event: 52.524 Thread 0x000002936827b8b0 nmethod 10234 0x0000029357b9ec88 code [0x0000029357b9ed80, 0x0000029357b9ee90]
Event: 58.942 Thread 0x0000029361fc5000 10235   !   1       java.util.concurrent.locks.AbstractQueuedSynchronizer::acquire (448 bytes)
Event: 58.943 Thread 0x0000029361fc5000 nmethod 10235 0x0000029357b9dc08 code [0x0000029357b9dd00, 0x0000029357b9ec18]
Event: 59.952 Thread 0x0000029361fc5000 10236   !   1       java.util.AbstractSet::equals (45 bytes)
Event: 59.952 Thread 0x0000029361fc5000 nmethod 10236 0x0000029357b9d808 code [0x0000029357b9d900, 0x0000029357b9dbf0]
Event: 60.080 Thread 0x0000029361fc5000 10237       1       org.apache.catalina.session.StandardSession::isValid (72 bytes)
Event: 60.081 Thread 0x0000029361fc5000 nmethod 10237 0x0000029357b9d488 code [0x0000029357b9d580, 0x0000029357b9d7d0]
Event: 60.081 Thread 0x0000029361fc5000 10238       1       org.springframework.util.CollectionUtils::newLinkedHashMap (14 bytes)
Event: 60.081 Thread 0x0000029361fc5000 nmethod 10238 0x0000029357b9d188 code [0x0000029357b9d2c0, 0x0000029357b9d478]
Event: 60.081 Thread 0x0000029361fc5000 10239       1       org.springframework.core.MethodParameter::hasParameterAnnotation (14 bytes)
Event: 60.081 Thread 0x0000029361fc5000 nmethod 10239 0x0000029357b9ce88 code [0x0000029357b9cf80, 0x0000029357b9d078]
Event: 60.081 Thread 0x0000029361fc5000 10240       1       org.hibernate.metamodel.model.domain.internal.AbstractSqmPathSource::getPathType (5 bytes)
Event: 60.081 Thread 0x0000029361fc5000 nmethod 10240 0x0000029357b9cb88 code [0x0000029357b9cc80, 0x0000029357b9cd48]
Event: 60.081 Thread 0x0000029361fc5000 10241       1       org.hibernate.engine.spi.SharedSessionContractImplementor::checkOpen (8 bytes)
Event: 60.082 Thread 0x0000029361fc5000 nmethod 10241 0x0000029357b9c888 code [0x0000029357b9c980, 0x0000029357b9caa0]
Event: 60.082 Thread 0x0000029361fc5000 10242       1       org.hibernate.engine.jdbc.internal.BasicFormatterImpl$FormatProcess::isWhitespace (8 bytes)
Event: 60.082 Thread 0x0000029361fc5000 nmethod 10242 0x0000029357b9c588 code [0x0000029357b9c680, 0x0000029357b9c768]

GC Heap Usage History (20 events):
Event: 1.883 {heap Before GC invocations=5 (full 0):
 garbage-first heap   total reserved 4153344K, committed 131072K, used 96856K [0x0000000702800000, 0x0000000800000000)
  region size 2048K, 29 young (59392K), 4 survivors (8192K)
}
Event: 1.889 {heap After GC invocations=6 (full 0):
 garbage-first heap   total reserved 4153344K, committed 131072K, used 50250K [0x0000000702800000, 0x0000000800000000)
  region size 2048K, 3 young (6144K), 3 survivors (6144K)
}
Event: 2.383 {heap Before GC invocations=6 (full 0):
 garbage-first heap   total reserved 4153344K, committed 131072K, used 101450K [0x0000000702800000, 0x0000000800000000)
  region size 2048K, 29 young (59392K), 3 survivors (6144K)
}
Event: 2.389 {heap After GC invocations=7 (full 0):
 garbage-first heap   total reserved 4153344K, committed 131072K, used 55210K [0x0000000702800000, 0x0000000800000000)
  region size 2048K, 3 young (6144K), 3 survivors (6144K)
}
Event: 2.595 {heap Before GC invocations=7 (full 0):
 garbage-first heap   total reserved 4153344K, committed 131072K, used 96170K [0x0000000702800000, 0x0000000800000000)
  region size 2048K, 24 young (49152K), 3 survivors (6144K)
}
Event: 2.599 {heap After GC invocations=8 (full 0):
 garbage-first heap   total reserved 4153344K, committed 157696K, used 56734K [0x0000000702800000, 0x0000000800000000)
  region size 2048K, 1 young (2048K), 1 survivors (2048K)
}
Event: 3.502 {heap Before GC invocations=9 (full 0):
 garbage-first heap   total reserved 4153344K, committed 157696K, used 128414K [0x0000000702800000, 0x0000000800000000)
  region size 2048K, 37 young (75776K), 1 survivors (2048K)
}
Event: 3.507 {heap After GC invocations=10 (full 0):
 garbage-first heap   total reserved 4153344K, committed 157696K, used 62366K [0x0000000702800000, 0x0000000800000000)
  region size 2048K, 4 young (8192K), 4 survivors (8192K)
}
Event: 3.616 {heap Before GC invocations=10 (full 0):
 garbage-first heap   total reserved 4153344K, committed 157696K, used 74654K [0x0000000702800000, 0x0000000800000000)
  region size 2048K, 11 young (22528K), 4 survivors (8192K)
}
Event: 3.620 {heap After GC invocations=11 (full 0):
 garbage-first heap   total reserved 4153344K, committed 157696K, used 63064K [0x0000000702800000, 0x0000000800000000)
  region size 2048K, 1 young (2048K), 1 survivors (2048K)
}
Event: 3.632 {heap Before GC invocations=11 (full 0):
 garbage-first heap   total reserved 4153344K, committed 157696K, used 63064K [0x0000000702800000, 0x0000000800000000)
  region size 2048K, 2 young (4096K), 1 survivors (2048K)
}
Event: 3.633 {heap After GC invocations=12 (full 0):
 garbage-first heap   total reserved 4153344K, committed 157696K, used 62594K [0x0000000702800000, 0x0000000800000000)
  region size 2048K, 1 young (2048K), 1 survivors (2048K)
}
Event: 4.348 {heap Before GC invocations=13 (full 0):
 garbage-first heap   total reserved 4153344K, committed 157696K, used 136322K [0x0000000702800000, 0x0000000800000000)
  region size 2048K, 37 young (75776K), 1 survivors (2048K)
}
Event: 4.351 {heap After GC invocations=14 (full 0):
 garbage-first heap   total reserved 4153344K, committed 157696K, used 66782K [0x0000000702800000, 0x0000000800000000)
  region size 2048K, 3 young (6144K), 3 survivors (6144K)
}
Event: 4.713 {heap Before GC invocations=14 (full 0):
 garbage-first heap   total reserved 4153344K, committed 157696K, used 138462K [0x0000000702800000, 0x0000000800000000)
  region size 2048K, 38 young (77824K), 3 survivors (6144K)
}
Event: 4.720 {heap After GC invocations=15 (full 0):
 garbage-first heap   total reserved 4153344K, committed 157696K, used 70714K [0x0000000702800000, 0x0000000800000000)
  region size 2048K, 5 young (10240K), 5 survivors (10240K)
}
Event: 14.784 {heap Before GC invocations=15 (full 0):
 garbage-first heap   total reserved 4153344K, committed 157696K, used 138298K [0x0000000702800000, 0x0000000800000000)
  region size 2048K, 39 young (79872K), 5 survivors (10240K)
}
Event: 14.791 {heap After GC invocations=16 (full 0):
 garbage-first heap   total reserved 4153344K, committed 157696K, used 74760K [0x0000000702800000, 0x0000000800000000)
  region size 2048K, 3 young (6144K), 3 survivors (6144K)
}
Event: 44.948 {heap Before GC invocations=16 (full 0):
 garbage-first heap   total reserved 4153344K, committed 157696K, used 140296K [0x0000000702800000, 0x0000000800000000)
  region size 2048K, 36 young (73728K), 3 survivors (6144K)
}
Event: 44.951 {heap After GC invocations=17 (full 0):
 garbage-first heap   total reserved 4153344K, committed 157696K, used 77174K [0x0000000702800000, 0x0000000800000000)
  region size 2048K, 4 young (8192K), 4 survivors (8192K)
}

Metaspace Usage History (20 events):
Event: 1.883 {metaspace Before GC invocations=5 (full 0):
 Metaspace       used 24619K, committed 24896K, reserved 1114112K
  class space    used 3429K, committed 3520K, reserved 1048576K
}
Event: 1.889 {metaspace After GC invocations=6 (full 0):
 Metaspace       used 24619K, committed 24896K, reserved 1114112K
  class space    used 3429K, committed 3520K, reserved 1048576K
}
Event: 2.383 {metaspace Before GC invocations=6 (full 0):
 Metaspace       used 32929K, committed 33344K, reserved 1114112K
  class space    used 4566K, committed 4736K, reserved 1048576K
}
Event: 2.389 {metaspace After GC invocations=7 (full 0):
 Metaspace       used 32929K, committed 33344K, reserved 1114112K
  class space    used 4566K, committed 4736K, reserved 1048576K
}
Event: 2.595 {metaspace Before GC invocations=7 (full 0):
 Metaspace       used 35672K, committed 36096K, reserved 1114112K
  class space    used 4922K, committed 5120K, reserved 1048576K
}
Event: 2.599 {metaspace After GC invocations=8 (full 0):
 Metaspace       used 35672K, committed 36096K, reserved 1114112K
  class space    used 4922K, committed 5120K, reserved 1048576K
}
Event: 3.502 {metaspace Before GC invocations=9 (full 0):
 Metaspace       used 57336K, committed 57792K, reserved 1114112K
  class space    used 8111K, committed 8320K, reserved 1048576K
}
Event: 3.507 {metaspace After GC invocations=10 (full 0):
 Metaspace       used 57336K, committed 57792K, reserved 1114112K
  class space    used 8111K, committed 8320K, reserved 1048576K
}
Event: 3.616 {metaspace Before GC invocations=10 (full 0):
 Metaspace       used 60787K, committed 61248K, reserved 1114112K
  class space    used 8532K, committed 8768K, reserved 1048576K
}
Event: 3.620 {metaspace After GC invocations=11 (full 0):
 Metaspace       used 60787K, committed 61248K, reserved 1114112K
  class space    used 8532K, committed 8768K, reserved 1048576K
}
Event: 3.632 {metaspace Before GC invocations=11 (full 0):
 Metaspace       used 61139K, committed 61568K, reserved 1114112K
  class space    used 8556K, committed 8768K, reserved 1048576K
}
Event: 3.633 {metaspace After GC invocations=12 (full 0):
 Metaspace       used 61139K, committed 61568K, reserved 1114112K
  class space    used 8556K, committed 8768K, reserved 1048576K
}
Event: 4.348 {metaspace Before GC invocations=13 (full 0):
 Metaspace       used 73467K, committed 73984K, reserved 1114112K
  class space    used 10830K, committed 11072K, reserved 1048576K
}
Event: 4.351 {metaspace After GC invocations=14 (full 0):
 Metaspace       used 73467K, committed 73984K, reserved 1114112K
  class space    used 10830K, committed 11072K, reserved 1048576K
}
Event: 4.713 {metaspace Before GC invocations=14 (full 0):
 Metaspace       used 79682K, committed 80192K, reserved 1179648K
  class space    used 12125K, committed 12352K, reserved 1048576K
}
Event: 4.720 {metaspace After GC invocations=15 (full 0):
 Metaspace       used 79682K, committed 80192K, reserved 1179648K
  class space    used 12125K, committed 12352K, reserved 1048576K
}
Event: 14.784 {metaspace Before GC invocations=15 (full 0):
 Metaspace       used 89973K, committed 90560K, reserved 1179648K
  class space    used 13298K, committed 13568K, reserved 1048576K
}
Event: 14.791 {metaspace After GC invocations=16 (full 0):
 Metaspace       used 89973K, committed 90560K, reserved 1179648K
  class space    used 13298K, committed 13568K, reserved 1048576K
}
Event: 44.948 {metaspace Before GC invocations=16 (full 0):
 Metaspace       used 95073K, committed 95808K, reserved 1179648K
  class space    used 14021K, committed 14336K, reserved 1048576K
}
Event: 44.951 {metaspace After GC invocations=17 (full 0):
 Metaspace       used 95073K, committed 95808K, reserved 1179648K
  class space    used 14021K, committed 14336K, reserved 1048576K
}

Dll operation events (10 events):
Event: 0.007 Loaded shared library D:\Java\JDK\bin\java.dll
Event: 0.109 Loaded shared library D:\Java\JDK\bin\jimage.dll
Event: 0.114 Loaded shared library D:\Java\JDK\bin\net.dll
Event: 0.116 Loaded shared library D:\Java\JDK\bin\nio.dll
Event: 0.118 Loaded shared library D:\Java\JDK\bin\zip.dll
Event: 0.193 Loaded shared library D:\Java\JDK\bin\management.dll
Event: 0.200 Loaded shared library D:\Java\JDK\bin\management_ext.dll
Event: 0.354 Loaded shared library D:\Java\JDK\bin\extnet.dll
Event: 0.977 Loaded shared library D:\Java\JDK\bin\sunmscapi.dll
Event: 3.287 Loaded shared library D:\Java\JDK\bin\verify.dll

Deoptimization events (10 events):
Event: 1.977 Thread 0x0000029367a2bd20 DEOPT PACKING pc=0x000002935801d7ac sp=0x000000f2e75fc4f0
Event: 1.977 Thread 0x0000029367a2bd20 DEOPT UNPACKING pc=0x00000293578d1702 sp=0x000000f2e75fb9f8 mode 0
Event: 2.050 Thread 0x0000029367a2bd20 DEOPT PACKING pc=0x0000029357fa1fdc sp=0x000000f2e75fba40
Event: 2.050 Thread 0x0000029367a2bd20 DEOPT UNPACKING pc=0x00000293578d1702 sp=0x000000f2e75faf00 mode 0
Event: 3.794 Thread 0x0000029367a2bd20 DEOPT PACKING pc=0x000002935826f4fc sp=0x000000f2e75fcb50
Event: 3.794 Thread 0x0000029367a2bd20 DEOPT UNPACKING pc=0x00000293578d1702 sp=0x000000f2e75fbfe8 mode 0
Event: 45.019 Thread 0x00000293699ffd60 DEOPT PACKING pc=0x00000293579dc574 sp=0x000000f2e92fbf70
Event: 45.019 Thread 0x00000293699ffd60 DEOPT UNPACKING pc=0x00000293578d1702 sp=0x000000f2e92fb540 mode 0
Event: 45.019 Thread 0x00000293699ffd60 DEOPT PACKING pc=0x00000293579dc414 sp=0x000000f2e92fc140
Event: 45.019 Thread 0x00000293699ffd60 DEOPT UNPACKING pc=0x00000293578d1702 sp=0x000000f2e92fb700 mode 0

Classes loaded (20 events):
Event: 24.647 Loading class java/beans/MethodDescriptor
Event: 24.647 Loading class java/beans/MethodDescriptor done
Event: 24.647 Loading class com/sun/beans/introspect/EventSetInfo
Event: 24.647 Loading class com/sun/beans/introspect/EventSetInfo done
Event: 24.647 Loading class com/sun/beans/introspect/PropertyInfo
Event: 24.647 Loading class com/sun/beans/introspect/PropertyInfo done
Event: 24.647 Loading class java/beans/BeanProperty
Event: 24.647 Loading class java/beans/BeanProperty done
Event: 24.647 Loading class com/sun/beans/introspect/PropertyInfo$Name
Event: 24.648 Loading class com/sun/beans/introspect/PropertyInfo$Name done
Event: 24.648 Loading class java/beans/IndexedPropertyDescriptor
Event: 24.648 Loading class java/beans/IndexedPropertyDescriptor done
Event: 24.648 Loading class java/beans/GenericBeanInfo
Event: 24.648 Loading class java/beans/GenericBeanInfo done
Event: 24.818 Loading class java/lang/Throwable$WrappedPrintWriter
Event: 24.818 Loading class java/lang/Throwable$WrappedPrintWriter done
Event: 24.844 Loading class java/util/OptionalLong
Event: 24.844 Loading class java/util/OptionalLong done
Event: 24.844 Loading class java/util/OptionalDouble
Event: 24.844 Loading class java/util/OptionalDouble done

Classes unloaded (0 events):
No events

Classes redefined (0 events):
No events

Internal exceptions (20 events):
Event: 37.410 Thread 0x00000293699e4c40 Exception <a 'java/io/IOException'{0x0000000708344c00}> (0x0000000708344c00) 
thrown [s\open\src\hotspot\share\prims\jni.cpp, line 516]
Event: 37.411 Thread 0x00000293699e4c40 Exception <a 'java/io/IOException'{0x000000070834b460}> (0x000000070834b460) 
thrown [s\open\src\hotspot\share\prims\jni.cpp, line 516]
Event: 44.935 Thread 0x00000293699ffd60 Exception <a 'java/lang/IncompatibleClassChangeError'{0x00000007080ee840}: Found class java.lang.Object, but interface was expected> (0x00000007080ee840) 
thrown [s\open\src\hotspot\share\interpreter\linkResolver.cpp, line 871]
Event: 44.958 Thread 0x00000293699ffd60 Exception <a 'java/io/IOException'{0x00000007ffe57e80}> (0x00000007ffe57e80) 
thrown [s\open\src\hotspot\share\prims\jni.cpp, line 516]
Event: 44.958 Thread 0x00000293699ffd60 Exception <a 'java/lang/ClassNotFoundException'{0x00000007ffe59da0}: org/apache/taglibs/standard/tag/rt/core/ForEachTagBeanInfo> (0x00000007ffe59da0) 
thrown [s\open\src\hotspot\share\classfile\systemDictionary.cpp, line 327]
Event: 44.958 Thread 0x00000293699ffd60 Exception <a 'java/io/IOException'{0x00000007ffe5dcd0}> (0x00000007ffe5dcd0) 
thrown [s\open\src\hotspot\share\prims\jni.cpp, line 516]
Event: 44.958 Thread 0x00000293699ffd60 Exception <a 'java/lang/ClassNotFoundException'{0x00000007ffe5fc20}: org/apache/taglibs/standard/tag/common/core/ForEachSupportBeanInfo> (0x00000007ffe5fc20) 
thrown [s\open\src\hotspot\share\classfile\systemDictionary.cpp, line 327]
Event: 44.959 Thread 0x00000293699ffd60 Exception <a 'java/io/IOException'{0x00000007ffe63bd8}> (0x00000007ffe63bd8) 
thrown [s\open\src\hotspot\share\prims\jni.cpp, line 516]
Event: 44.959 Thread 0x00000293699ffd60 Exception <a 'java/lang/ClassNotFoundException'{0x00000007ffe65ac8}: jakarta/servlet/jsp/jstl/core/LoopTagSupportBeanInfo> (0x00000007ffe65ac8) 
thrown [s\open\src\hotspot\share\classfile\systemDictionary.cpp, line 327]
Event: 44.959 Thread 0x00000293699ffd60 Exception <a 'java/io/IOException'{0x00000007ffe69750}> (0x00000007ffe69750) 
thrown [s\open\src\hotspot\share\prims\jni.cpp, line 516]
Event: 44.959 Thread 0x00000293699ffd60 Exception <a 'java/lang/ClassNotFoundException'{0x00000007ffe6b640}: jakarta/servlet/jsp/jstl/core/LoopTagSupportCustomizer> (0x00000007ffe6b640) 
thrown [s\open\src\hotspot\share\classfile\systemDictionary.cpp, line 327]
Event: 44.961 Thread 0x00000293699ffd60 Exception <a 'java/io/IOException'{0x00000007ffe7ec90}> (0x00000007ffe7ec90) 
thrown [s\open\src\hotspot\share\prims\jni.cpp, line 516]
Event: 44.961 Thread 0x00000293699ffd60 Exception <a 'java/lang/ClassNotFoundException'{0x00000007ffe80be0}: org/apache/taglibs/standard/tag/common/core/ForEachSupportCustomizer> (0x00000007ffe80be0) 
thrown [s\open\src\hotspot\share\classfile\systemDictionary.cpp, line 327]
Event: 44.961 Thread 0x00000293699ffd60 Exception <a 'java/io/IOException'{0x00000007ffe89d78}> (0x00000007ffe89d78) 
thrown [s\open\src\hotspot\share\prims\jni.cpp, line 516]
Event: 44.962 Thread 0x00000293699ffd60 Exception <a 'java/lang/ClassNotFoundException'{0x00000007ffe8bc98}: org/apache/taglibs/standard/tag/rt/core/ForEachTagCustomizer> (0x00000007ffe8bc98) 
thrown [s\open\src\hotspot\share\classfile\systemDictionary.cpp, line 327]
Event: 45.016 Thread 0x00000293699ffd60 Exception <a 'java/io/IOException'{0x000000070ba81b78}> (0x000000070ba81b78) 
thrown [s\open\src\hotspot\share\prims\jni.cpp, line 516]
Event: 45.053 Thread 0x00000293699ffd60 Exception <a 'java/io/IOException'{0x000000070b8106c0}> (0x000000070b8106c0) 
thrown [s\open\src\hotspot\share\prims\jni.cpp, line 516]
Event: 45.053 Thread 0x00000293699ffd60 Exception <a 'java/lang/ClassNotFoundException'{0x000000070b8122a0}: com/grownited/entity/BatchEntityBeanInfo> (0x000000070b8122a0) 
thrown [s\open\src\hotspot\share\classfile\systemDictionary.cpp, line 327]
Event: 45.053 Thread 0x00000293699ffd60 Exception <a 'java/io/IOException'{0x000000070b816798}> (0x000000070b816798) 
thrown [s\open\src\hotspot\share\prims\jni.cpp, line 516]
Event: 45.053 Thread 0x00000293699ffd60 Exception <a 'java/lang/ClassNotFoundException'{0x000000070b8183a8}: com/grownited/entity/BatchEntityCustomizer> (0x000000070b8183a8) 
thrown [s\open\src\hotspot\share\classfile\systemDictionary.cpp, line 327]

VM Operations (20 events):
Event: 14.784 Executing safepoint VM operation: G1CollectForAllocation (G1 Evacuation Pause)
Event: 14.791 Executing safepoint VM operation: G1CollectForAllocation (G1 Evacuation Pause) done
Event: 14.823 Executing non-safepoint VM operation: HandshakeAllThreads (Deoptimize)
Event: 14.823 Executing non-safepoint VM operation: HandshakeAllThreads (Deoptimize) done
Event: 14.827 Executing non-safepoint VM operation: HandshakeAllThreads (Deoptimize)
Event: 14.827 Executing non-safepoint VM operation: HandshakeAllThreads (Deoptimize) done
Event: 15.005 Executing non-safepoint VM operation: HandshakeAllThreads (Deoptimize)
Event: 15.005 Executing non-safepoint VM operation: HandshakeAllThreads (Deoptimize) done
Event: 24.360 Executing non-safepoint VM operation: HandshakeAllThreads (Deoptimize)
Event: 24.360 Executing non-safepoint VM operation: HandshakeAllThreads (Deoptimize) done
Event: 24.703 Executing non-safepoint VM operation: HandshakeAllThreads (Deoptimize)
Event: 24.704 Executing non-safepoint VM operation: HandshakeAllThreads (Deoptimize) done
Event: 44.948 Executing safepoint VM operation: G1CollectForAllocation (G1 Evacuation Pause)
Event: 44.951 Executing safepoint VM operation: G1CollectForAllocation (G1 Evacuation Pause) done
Event: 44.980 Executing safepoint VM operation: G1PauseRemark
Event: 44.984 Executing safepoint VM operation: G1PauseRemark done
Event: 44.995 Executing safepoint VM operation: G1PauseCleanup
Event: 44.995 Executing safepoint VM operation: G1PauseCleanup done
Event: 45.019 Executing non-safepoint VM operation: HandshakeAllThreads (Deoptimize)
Event: 45.019 Executing non-safepoint VM operation: HandshakeAllThreads (Deoptimize) done

Memory protections (0 events):
No events

Nmethod flushes (20 events):
Event: 44.983 Thread 0x0000029361f99470 flushing  nmethod 0x0000029358112a08
Event: 44.983 Thread 0x0000029361f99470 flushing  nmethod 0x0000029358157d88
Event: 44.983 Thread 0x0000029361f99470 flushing  nmethod 0x00000293580c8488
Event: 44.983 Thread 0x0000029361f99470 flushing  nmethod 0x000002935810e288
Event: 44.983 Thread 0x0000029361f99470 flushing osr nmethod 0x0000029357c3b708
Event: 44.983 Thread 0x0000029361f99470 flushing  nmethod 0x0000029357cc5488
Event: 44.983 Thread 0x0000029361f99470 flushing  nmethod 0x00000293580f4f08
Event: 44.983 Thread 0x0000029361f99470 flushing  nmethod 0x00000293580f6a08
Event: 44.983 Thread 0x0000029361f99470 flushing  nmethod 0x00000293580f9d08
Event: 44.983 Thread 0x0000029361f99470 flushing  nmethod 0x00000293580fb108
Event: 44.983 Thread 0x0000029361f99470 flushing  nmethod 0x00000293581e6008
Event: 44.983 Thread 0x0000029361f99470 flushing  nmethod 0x0000029357c19008
Event: 44.983 Thread 0x0000029361f99470 flushing  nmethod 0x0000029357cb4408
Event: 44.983 Thread 0x0000029361f99470 flushing  nmethod 0x00000293580ce688
Event: 44.983 Thread 0x0000029361f99470 flushing  nmethod 0x00000293580cee88
Event: 44.983 Thread 0x0000029361f99470 flushing  nmethod 0x00000293580d0088
Event: 44.983 Thread 0x0000029361f99470 flushing  nmethod 0x00000293580d1588
Event: 44.983 Thread 0x0000029361f99470 flushing  nmethod 0x00000293580d3408
Event: 44.983 Thread 0x0000029361f99470 flushing  nmethod 0x000002935815d308
Event: 44.983 Thread 0x0000029361f99470 flushing  nmethod 0x00000293581e5708

Events (20 events):
Event: 5.272 Thread 0x0000029369a04b80 Thread exited: 0x0000029369a04b80
Event: 5.272 Thread 0x000002936744d850 Thread exited: 0x000002936744d850
Event: 6.294 Thread 0x000002936744d080 Thread exited: 0x000002936744d080
Event: 6.294 Thread 0x0000029369a07290 Thread exited: 0x0000029369a07290
Event: 8.736 Thread 0x0000029368995680 Thread exited: 0x0000029368995680
Event: 10.572 Thread 0x0000029362018290 Thread exited: 0x0000029362018290
Event: 14.401 Thread 0x0000029362014210 Thread exited: 0x0000029362014210
Event: 14.845 Thread 0x0000029362017270 Thread added: 0x0000029368279060
Event: 20.119 Thread 0x0000029368279060 Thread exited: 0x0000029368279060
Event: 21.183 Thread 0x0000029362017270 Thread exited: 0x0000029362017270
Event: 24.312 Thread 0x0000029361fc5000 Thread added: 0x0000029368276810
Event: 24.495 Thread 0x0000029361fc5000 Thread added: 0x0000029368279060
Event: 24.538 Thread 0x0000029368279060 Thread added: 0x0000029368279870
Event: 27.942 Thread 0x0000029368279870 Thread exited: 0x0000029368279870
Event: 28.888 Thread 0x0000029368279060 Thread exited: 0x0000029368279060
Event: 30.591 Thread 0x0000029368276810 Thread exited: 0x0000029368276810
Event: 44.947 Thread 0x0000029361fc5000 Thread added: 0x0000029368279870
Event: 46.150 Thread 0x0000029368279870 Thread exited: 0x0000029368279870
Event: 50.843 Thread 0x0000029361fc5000 Thread added: 0x000002936827b8b0
Event: 57.526 Thread 0x000002936827b8b0 Thread exited: 0x000002936827b8b0


Dynamic libraries:
0x00007ff7dc2e0000 - 0x00007ff7dc2f0000 	D:\Java\JDK\bin\javaw.exe
0x00007ff892d20000 - 0x00007ff892f87000 	C:\WINDOWS\SYSTEM32\ntdll.dll
0x00007ff892a70000 - 0x00007ff892b39000 	C:\WINDOWS\System32\KERNEL32.DLL
0x00007ff890350000 - 0x00007ff890741000 	C:\WINDOWS\System32\KERNELBASE.dll
0x00007ff890970000 - 0x00007ff890abb000 	C:\WINDOWS\System32\ucrtbase.dll
0x00007ff84f1c0000 - 0x00007ff84f1de000 	D:\Java\JDK\bin\VCRUNTIME140.dll
0x00007ff851440000 - 0x00007ff851457000 	D:\Java\JDK\bin\jli.dll
0x00007ff8920a0000 - 0x00007ff892265000 	C:\WINDOWS\System32\USER32.dll
0x00007ff88e700000 - 0x00007ff88e993000 	C:\WINDOWS\WinSxS\amd64_microsoft.windows.common-controls_6595b64144ccf1df_6.0.26100.8037_none_3e092faae333b53b\COMCTL32.dll
0x00007ff88fab0000 - 0x00007ff88fad7000 	C:\WINDOWS\System32\win32u.dll
0x00007ff892280000 - 0x00007ff892329000 	C:\WINDOWS\System32\msvcrt.dll
0x00007ff8917e0000 - 0x00007ff89180b000 	C:\WINDOWS\System32\GDI32.dll
0x00007ff88f690000 - 0x00007ff88f7bb000 	C:\WINDOWS\System32\gdi32full.dll
0x00007ff8908c0000 - 0x00007ff890963000 	C:\WINDOWS\System32\msvcp_win.dll
0x00007ff892930000 - 0x00007ff892961000 	C:\WINDOWS\System32\IMM32.DLL
0x00007ff8675d0000 - 0x00007ff8675dc000 	D:\Java\JDK\bin\vcruntime140_1.dll
0x00007fffff2e0000 - 0x00007fffff36d000 	D:\Java\JDK\bin\msvcp140.dll
0x00007fffe0700000 - 0x00007fffe155f000 	D:\Java\JDK\bin\server\jvm.dll
0x00007ff891d90000 - 0x00007ff891e4b000 	C:\WINDOWS\System32\ADVAPI32.dll
0x00007ff892880000 - 0x00007ff892927000 	C:\WINDOWS\System32\sechost.dll
0x00007ff891450000 - 0x00007ff891568000 	C:\WINDOWS\System32\RPCRT4.dll
0x00007ff892330000 - 0x00007ff8923a4000 	C:\WINDOWS\System32\WS2_32.dll
0x00007ff88f460000 - 0x00007ff88f4be000 	C:\WINDOWS\SYSTEM32\POWRPROF.dll
0x00007ff87f560000 - 0x00007ff87f595000 	C:\WINDOWS\SYSTEM32\WINMM.dll
0x00007ff885cc0000 - 0x00007ff885ccb000 	C:\WINDOWS\SYSTEM32\VERSION.dll
0x00007ff88f440000 - 0x00007ff88f454000 	C:\WINDOWS\SYSTEM32\UMPDC.dll
0x00007ff88daa0000 - 0x00007ff88dabb000 	C:\WINDOWS\SYSTEM32\kernel.appcore.dll
0x00007ff8673e0000 - 0x00007ff8673ea000 	D:\Java\JDK\bin\jimage.dll
0x00007ff88edb0000 - 0x00007ff88eff2000 	C:\WINDOWS\SYSTEM32\DBGHELP.DLL
0x00007ff891a00000 - 0x00007ff891d82000 	C:\WINDOWS\System32\combase.dll
0x00007ff891e50000 - 0x00007ff891f27000 	C:\WINDOWS\System32\OLEAUT32.dll
0x00007ff88eca0000 - 0x00007ff88ecdb000 	C:\WINDOWS\SYSTEM32\dbgcore.DLL
0x00007ff890810000 - 0x00007ff8908b5000 	C:\WINDOWS\System32\bcryptPrimitives.dll
0x00007ff84df70000 - 0x00007ff84df8f000 	D:\Java\JDK\bin\java.dll
0x00007ff892b40000 - 0x00007ff892cd5000 	C:\WINDOWS\System32\ole32.dll
0x00007ff890c20000 - 0x00007ff89137f000 	C:\WINDOWS\System32\SHELL32.dll
0x00007ff88f940000 - 0x00007ff88faaa000 	C:\WINDOWS\System32\wintypes.dll
0x00007ff88fae0000 - 0x00007ff890344000 	C:\WINDOWS\System32\windows.storage.dll
0x00007ff892970000 - 0x00007ff892a67000 	C:\WINDOWS\System32\SHCORE.dll
0x00007ff891990000 - 0x00007ff8919f7000 	C:\WINDOWS\System32\shlwapi.dll
0x00007ff88f520000 - 0x00007ff88f549000 	C:\WINDOWS\SYSTEM32\profapi.dll
0x00007ff836260000 - 0x00007ff836272000 	D:\Java\JDK\bin\net.dll
0x00007ff88e1a0000 - 0x00007ff88e20b000 	C:\WINDOWS\system32\mswsock.dll
0x00007ff836240000 - 0x00007ff836256000 	D:\Java\JDK\bin\nio.dll
0x00007ff831bc0000 - 0x00007ff831bd7000 	D:\Java\JDK\bin\zip.dll
0x00007ff8655f0000 - 0x00007ff8655fa000 	D:\Java\JDK\bin\management.dll
0x00007ff863a90000 - 0x00007ff863a9c000 	D:\Java\JDK\bin\management_ext.dll
0x00007ff891f30000 - 0x00007ff891f38000 	C:\WINDOWS\System32\PSAPI.DLL
0x00007ff868750000 - 0x00007ff868768000 	C:\WINDOWS\system32\napinsp.dll
0x00007ff88d540000 - 0x00007ff88d66a000 	C:\WINDOWS\SYSTEM32\DNSAPI.dll
0x00007ff88d4b0000 - 0x00007ff88d4e3000 	C:\WINDOWS\SYSTEM32\IPHLPAPI.DLL
0x00007ff892270000 - 0x00007ff89227a000 	C:\WINDOWS\System32\NSI.dll
0x00007ff8686e0000 - 0x00007ff8686f2000 	C:\WINDOWS\System32\winrnr.dll
0x00007ff8686b0000 - 0x00007ff8686d2000 	C:\WINDOWS\system32\nlansp_c.dll
0x00007ff868660000 - 0x00007ff868676000 	C:\WINDOWS\system32\wshbth.dll
0x00007ff885cd0000 - 0x00007ff885cdb000 	C:\Windows\System32\rasadhlp.dll
0x00007ff882cd0000 - 0x00007ff882d56000 	C:\WINDOWS\System32\fwpuclnt.dll
0x00007ff88f120000 - 0x00007ff88f13b000 	C:\WINDOWS\SYSTEM32\CRYPTSP.dll
0x00007ff88da00000 - 0x00007ff88da39000 	C:\WINDOWS\system32\rsaenh.dll
0x00007ff88e250000 - 0x00007ff88e282000 	C:\WINDOWS\SYSTEM32\USERENV.dll
0x00007ff88f4f0000 - 0x00007ff88f51a000 	C:\WINDOWS\SYSTEM32\bcrypt.dll
0x00007ff88e480000 - 0x00007ff88e48c000 	C:\WINDOWS\SYSTEM32\CRYPTBASE.dll
0x00007ff85f7f0000 - 0x00007ff85f7f9000 	D:\Java\JDK\bin\extnet.dll
0x00007ff85cbf0000 - 0x00007ff85cbfe000 	D:\Java\JDK\bin\sunmscapi.dll
0x00007ff88f7c0000 - 0x00007ff88f937000 	C:\WINDOWS\System32\CRYPT32.dll
0x00007ff88e6c0000 - 0x00007ff88e6f0000 	C:\WINDOWS\SYSTEM32\ncrypt.dll
0x00007ff88e670000 - 0x00007ff88e6af000 	C:\WINDOWS\SYSTEM32\NTASN1.dll
0x00007ff85c6e0000 - 0x00007ff85c6f0000 	D:\Java\JDK\bin\verify.dll
0x00007ff800010000 - 0x00007ff800018000 	C:\WINDOWS\system32\wshunix.dll

JVMTI agents: none

dbghelp: loaded successfully - version: 4.0.5 - missing functions: none
symbol engine: initialized successfully - sym options: 0x614 - pdb path: .;D:\Java\JDK\bin;C:\WINDOWS\SYSTEM32;C:\WINDOWS\WinSxS\amd64_microsoft.windows.common-controls_6595b64144ccf1df_6.0.26100.8037_none_3e092faae333b53b;D:\Java\JDK\bin\server

VM Arguments:
jvm_args: -Dcom.sun.management.jmxremote -Dcom.sun.management.jmxremote.port=53761 -Dcom.sun.management.jmxremote.authenticate=false -Dcom.sun.management.jmxremote.ssl=false -Djava.rmi.server.hostname=localhost -Dspring.jmx.enabled=true -Dmanagement.endpoints.jmx.exposure.include=* -Dspring.application.admin.enabled=true -Dspring.output.ansi.enabled=always -XX:TieredStopAtLevel=1 -Dspring.boot.project.name=E-campus -Dfile.encoding=UTF-8 -Dstdout.encoding=UTF-8 -Dstderr.encoding=UTF-8 -XX:+ShowCodeDetailsInExceptionMessages 
java_command: com.ECampusApplication
java_class_path (initial): D:\Java\E-campus\target\classes;C:\Users\thedh\.m2\repository\org\springframework\boot\spring-boot-starter-data-jpa\4.0.3\spring-boot-starter-data-jpa-4.0.3.jar;C:\Users\thedh\.m2\repository\org\springframework\boot\spring-boot-starter\4.0.3\spring-boot-starter-4.0.3.jar;C:\Users\thedh\.m2\repository\org\springframework\boot\spring-boot-starter-logging\4.0.3\spring-boot-starter-logging-4.0.3.jar;C:\Users\thedh\.m2\repository\ch\qos\logback\logback-classic\1.5.32\logback-classic-1.5.32.jar;C:\Users\thedh\.m2\repository\ch\qos\logback\logback-core\1.5.32\logback-core-1.5.32.jar;C:\Users\thedh\.m2\repository\org\apache\logging\log4j\log4j-to-slf4j\2.25.3\log4j-to-slf4j-2.25.3.jar;C:\Users\thedh\.m2\repository\org\slf4j\jul-to-slf4j\2.0.17\jul-to-slf4j-2.0.17.jar;C:\Users\thedh\.m2\repository\jakarta\annotation\jakarta.annotation-api\3.0.0\jakarta.annotation-api-3.0.0.jar;C:\Users\thedh\.m2\repository\org\yaml\snakeyaml\2.5\snakeyaml-2.5.jar;C:\Users\thedh\.m2\repository\org\springframework\boot\spring-boot-starter-jdbc\4.0.3\spring-boot-starter-jdbc-4.0.3.jar;C:\Users\thedh\.m2\repository\com\zaxxer\HikariCP\7.0.2\HikariCP-7.0.2.jar;C:\Users\thedh\.m2\repository\org\springframework\boot\spring-boot-data-jpa\4.0.3\spring-boot-data-jpa-4.0.3.jar;C:\Users\thedh\.m2\repository\org\springframework\boot\spring-boot-data-commons\4.0.3\spring-boot-data-commons-4.0.3.jar;C:\Users\thedh\.m2\repository\org\springframework\boot\spring-boot-persistence\4.0.3\spring-boot-persistence-4.0.3.jar;C:\Users\thedh\.m2\repository\org\springframework\data\spring-data-commons\4.0.3\spring-data-commons-4.0.3.jar;C:\Users\thedh\.m2\repository\org\springframework\boot\spring-boot-hibernate\4.0.3\spring-boot-hibernate-4.0.3.jar;C:\Users\thedh\.m2\repository\org\springframework\boot\spring-boot-jpa\4.0.3\spring-boot-jpa-4.0.3.jar;C:\Users\thedh\.m2\repository\jakarta\persistence\jakarta.persistence-api\3.2.0\jakarta.persistence-api-3.2.0.jar;C:\Users\thedh\.m2\repository\org\hibernate\orm\hibernate-core\7.2.4.Final\hibernate-core-7.2.4.Final.jar;C:\Users\thedh\.m2\repository\jakarta\transaction\jakarta.transaction-api\2.0.1\jakarta.transaction-api-2.0.1.jar;C:\Users\thedh\.m2\repository\org\jboss\logging\jboss-logging\3.6.2.Final\jboss-logging-3.6.2.Final.jar;C:\Users\thedh\.m2\repository\org\hibernate\models\hibernate-models\1.0.1\hibernate-models-1.0.1.jar;C:\Users\thedh\.m2\repository\com\fasterxml\classmate\1.7.3\classmate-1.7.3.jar;C:\Users\thedh\.m2\repository\jakarta\inject\jakarta.inject-api\2.0.1\jakarta.inject-api-2.0.1.jar;C:\Users\thedh\.m2\repository\org\springframework\spring-orm\7.0.5\spring-orm-7.0.5.jar;C:\Users\thedh\.m2\repository\org\springframework\data\spring-data-jpa\4.0.3\spring-data-jpa-4.0.3.jar;C:\Users\thedh\.m2\repository\org\springframework\spring-aop\7.0.5\spring-aop-7.0.5.jar;C:\Users\thedh\.m2\repository\org\springframework\spring-tx\7.0.5\spring-tx-7.0.5.jar;C:\Users\thedh\.m2\repository\org\springframework\spring-beans\7.0.5\spring-beans-7.0.5.jar;C:\Users\thedh\.m2\repository\org\antlr\antlr4-runtime\4.13.2\antlr4-runtime-4.13.2.jar;C:\Users\thedh\.m2\repository\org\springframework\spring-aspects\7.0.5\spring-aspects-7.0.5.jar;C:\Users\thedh\.m2\repository\org\aspectj\aspectjweaver\1.9.25.1\aspectjweaver-1.9.25.1.jar;C:\Users\thedh\.m2\repository\org\springframework\boot\spring-boot-jdbc\4.0.3\spring-boot-jdbc-4.0.3.jar;C:\Users\thedh\.m2\repository\org\springframework\boot\spring-boot-sql\4.0.3\spring-boot-sql-4.0.3.jar;C:\Users\thedh\.m2\repository\org\springframework\boot\spring-boot-transaction\4.0.3\spring-boot-transaction-4.0.3.jar;C:\Users\thedh\.m2\repository\org\springframework\spring-jdbc\7.0.5\spring-jdbc-7.0.5.jar;C:\Users\thedh\.m2\repository\org\springframework\boot\spring-boot-starter-webmvc\4.0.3\spring-boot-starter-webmvc-4.0.3.jar;C:\Users\thedh\.m2\repository\org\springframework\boot\spring-boot-starter-jackson\4.0.3\spring-boot-starter-jackson-4.0.3.jar;C:\Users\thedh\.m2\repository\org\springframework\boot\spring-boot-jackson\4.0.3\spring-boot-jackson-4.0.3.jar;C:\Users\thedh\.m2\repository\tools\jackson\core\jackson-databind\3.0.4\jackson-databind-3.0.4.jar;C:\Users\thedh\.m2\repository\tools\jackson\core\jackson-core\3.0.4\jackson-core-3.0.4.jar;C:\Users\thedh\.m2\repository\org\springframework\boot\spring-boot-http-converter\4.0.3\spring-boot-http-converter-4.0.3.jar;C:\Users\thedh\.m2\repository\org\springframework\spring-web\7.0.5\spring-web-7.0.5.jar;C:\Users\thedh\.m2\repository\io\micrometer\micrometer-observation\1.16.3\micrometer-observation-1.16.3.jar;C:\Users\thedh\.m2\repository\io\micrometer\micrometer-commons\1.16.3\micrometer-commons-1.16.3.jar;C:\Users\thedh\.m2\repository\org\springframework\boot\spring-boot-webmvc\4.0.3\spring-boot-webmvc-4.0.3.jar;C:\Users\thedh\.m2\repository\org\springframework\boot\spring-boot-servlet\4.0.3\spring-boot-servlet-4.0.3.jar;C:\Users\thedh\.m2\repository\org\springframework\spring-webmvc\7.0.5\spring-webmvc-7.0.5.jar;C:\Users\thedh\.m2\repository\org\springframework\spring-expression\7.0.5\spring-expression-7.0.5.jar;C:\Users\thedh\.m2\repository\org\springframework\boot\spring-boot-devtools\4.0.3\spring-boot-devtools-4.0.3.jar;C:\Users\thedh\.m2\repository\org\springframework\boot\spring-boot\4.0.3\spring-boot-4.0.3.jar;C:\Users\thedh\.m2\repository\org\springframework\spring-core\7.0.5\spring-core-7.0.5.jar;C:\Users\thedh\.m2\repository\org\jspecify\jspecify\1.0.0\jspecify-1.0.0.jar;C:\Users\thedh\.m2\repository\org\springframework\spring-context\7.0.5\spring-context-7.0.5.jar;C:\Users\thedh\.m2\repository\org\springframework\boot\spring-boot-autoconfigure\4.0.3\spring-boot-autoconfigure-4.0.3.jar;C:\Users\thedh\.m2\repository\com\mysql\mysql-connector-j\9.6.0\mysql-connector-j-9.6.0.jar;C:\Users\thedh\.m2\repository\org\springframework\boot\spring-boot-starter-tomcat\4.0.3\spring-boot-starter-tomcat-4.0.3.jar;C:\Users\thedh\.m2\repository\org\springframework\boot\spring-boot-starter-tomcat-runtime\4.0.3\spring-boot-starter-tomcat-runtime-4.0.3.jar;C:\Users\thedh\.m2\repository\org\springframework\boot\spring-boot-web-server\4.0.3\spring-boot-web-server-4.0.3.jar;C:\Users\thedh\.m2\repository\org\apache\tomcat\embed\tomcat-embed-websocket\11.0.18\tomcat-embed-websocket-11.0.18.jar;C:\Users\thedh\.m2\repository\org\springframework\boot\spring-boot-tomcat\4.0.3\spring-boot-tomcat-4.0.3.jar;C:\Users\thedh\.m2\repository\net\bytebuddy\byte-buddy\1.17.8\byte-buddy-1.17.8.jar;C:\Users\thedh\.m2\repository\org\apache\tomcat\embed\tomcat-embed-jasper\11.0.18\tomcat-embed-jasper-11.0.18.jar;C:\Users\thedh\.m2\repository\org\apache\tomcat\embed\tomcat-embed-core\11.0.18\tomcat-embed-core-11.0.18.jar;C:\Users\thedh\.m2\repository\org\apache\tomcat\tomcat-annotations-api\11.0.18\tomcat-annotations-api-11.0.18.jar;C:\Users\thedh\.m2\repository\org\apache\tomcat\embed\tomcat-embed-el\11.0.18\tomcat-embed-el-11.0.18.jar;C:\Users\thedh\.m2\repository\org\eclipse\jdt\ecj\3.44.0\ecj-3.44.0.jar;C:\Users\thedh\.m2\repository\org\glassfish\web\jakarta.servlet.jsp.jstl\3.0.1\jakarta.servlet.jsp.jstl-3.0.1.jar;C:\Users\thedh\.m2\repository\jakarta\servlet\jsp\jstl\jakarta.servlet.jsp.jstl-api\3.0.2\jakarta.servlet.jsp.jstl-api-3.0.2.jar;C:\Users\thedh\.m2\repository\jakarta\servlet\jakarta.servlet-api\6.1.0\jakarta.servlet-api-6.1.0.jar;C:\Users\thedh\.m2\repository\jakarta\el\jakarta.el-api\5.0.0\jakarta.el-api-5.0.0.jar;C:\Users\thedh\.m2\repository\org\springframework\boot\spring-boot-starter-mail\4.0.3\spring-boot-starter-mail-4.0.3.jar;C:\Users\thedh\.m2\repository\org\springframework\boot\spring-boot-mail\4.0.3\spring-boot-mail-4.0.3.jar;C:\Users\thedh\.m2\repository\org\springframework\spring-context-support\7.0.5\spring-context-support-7.0.5.jar;C:\Users\thedh\.m2\repository\jakarta\mail\jakarta.mail-api\2.1.5\jakarta.mail-api-2.1.5.jar;C:\Users\thedh\.m2\repository\org\eclipse\angus\angus-mail\2.0.5\angus-mail-2.0.5.jar;C:\Users\thedh\.m2\repository\org\eclipse\angus\angus-activation\2.0.3\angus-activation-2.0.3.jar;C:\Users\thedh\.m2\repository\org\springframework\security\spring-security-crypto\7.0.3\spring-security-crypto-7.0.3.jar;C:\Users\thedh\.m2\repository\com\cloudinary\cloudinary-http44\1.31.0\cloudinary-http44-1.31.0.jar;C:\Users\thedh\.m2\repository\com\cloudinary\cloudinary-core\1.31.0\cloudinary-core-1.31.0.jar;C:\Users\thedh\.m2\repository\org\apache\commons\commons-lang3\3.19.0\commons-lang3-3.19.0.jar;C:\Users\thedh\.m2\repository\org\apache\httpcomponents\httpclient\4.4\httpclient-4.4.jar;C:\Users\thedh\.m2\repository\org\apache\httpcomponents\httpcore\4.4.16\httpcore-4.4.16.jar;C:\Users\thedh\.m2\repository\commons-codec\commons-codec\1.19.0\commons-codec-1.19.0.jar;C:\Users\thedh\.m2\repository\org\apache\httpcomponents\httpmime\4.4\httpmime-4.4.jar;C:\Users\thedh\.m2\repository\net\authorize\anet-java-sdk\3.0.0\anet-java-sdk-3.0.0.jar;C:\Users\thedh\.m2\repository\commons-logging\commons-logging\1.3.5\commons-logging-1.3.5.jar;C:\Users\thedh\.m2\repository\org\apache\httpcomponents\client5\httpclient5\5.5.2\httpclient5-5.5.2.jar;C:\Users\thedh\.m2\repository\org\apache\httpcomponents\core5\httpcore5-h2\5.3.6\httpcore5-h2-5.3.6.jar;C:\Users\thedh\.m2\repository\org\slf4j\slf4j-api\2.0.17\slf4j-api-2.0.17.jar;C:\Users\thedh\.m2\repository\org\apache\httpcomponents\core5\httpcore5\5.3.6\httpcore5-5.3.6.jar;C:\Users\thedh\.m2\repository\org\apache\logging\log4j\log4j-jcl\2.25.3\log4j-jcl-2.25.3.jar;C:\Users\thedh\.m2\repository\org\apache\logging\log4j\log4j-api\2.25.3\log4j-api-2.25.3.jar;C:\Users\thedh\.m2\repository\org\apache\logging\log4j\log4j-core\2.25.3\log4j-core-2.25.3.jar;C:\Users\thedh\.m2\repository\org\apache\logging\log4j\log4j-1.2-api\2.25.3\log4j-1.2-api-2.25.3.jar;C:\Users\thedh\.m2\repository\com\google\code\gson\gson\2.13.2\gson-2.13.2.jar;C:\Users\thedh\.m2\repository\com\google\errorprone\error_prone_annotations\2.41.0\error_prone_annotations-2.41.0.jar;C:\Users\thedh\.m2\repository\jakarta\xml\bind\jakarta.xml.bind-api\4.0.4\jakarta.xml.bind-api-4.0.4.jar;C:\Users\thedh\.m2\repository\jakarta\activation\jakarta.activation-api\2.1.4\jakarta.activation-api-2.1.4.jar;C:\Users\thedh\.m2\repository\org\glassfish\jaxb\jaxb-runtime\4.0.6\jaxb-runtime-4.0.6.jar;C:\Users\thedh\.m2\repository\org\glassfish\jaxb\jaxb-core\4.0.6\jaxb-core-4.0.6.jar;C:\Users\thedh\.m2\repository\org\glassfish\jaxb\txw2\4.0.6\txw2-4.0.6.jar;C:\Users\thedh\.m2\repository\com\sun\istack\istack-commons-runtime\4.1.2\istack-commons-runtime-4.1.2.jar;C:\Users\thedh\.m2\repository\com\fasterxml\jackson\module\jackson-module-jakarta-xmlbind-annotations\2.20.2\jackson-module-jakarta-xmlbind-annotations-2.20.2.jar;C:\Users\thedh\.m2\repository\com\fasterxml\jackson\core\jackson-annotations\2.20\jackson-annotations-2.20.jar;C:\Users\thedh\.m2\repository\com\fasterxml\jackson\core\jackson-core\2.20.2\jackson-core-2.20.2.jar;C:\Users\thedh\.m2\repository\com\fasterxml\jackson\core\jackson-databind\2.20.2\jackson-databind-2.20.2.jar
Launcher Type: SUN_STANDARD

[Global flags]
     intx CICompilerCount                          = 4                                         {product} {ergonomic}
     uint ConcGCThreads                            = 2                                         {product} {ergonomic}
     uint G1ConcRefinementThreads                  = 8                                         {product} {ergonomic}
   size_t G1HeapRegionSize                         = 2097152                                   {product} {ergonomic}
   size_t InitialHeapSize                          = 266338304                                 {product} {ergonomic}
     bool ManagementServer                         = true                                      {product} {command line}
   size_t MarkStackSize                            = 4194304                                   {product} {ergonomic}
   size_t MarkStackSizeMax                         = 536870912                                 {product} {ergonomic}
   size_t MaxHeapSize                              = 4253024256                                {product} {ergonomic}
   size_t MaxNewSize                               = 2550136832                                {product} {ergonomic}
   size_t MinHeapDeltaBytes                        = 2097152                                   {product} {ergonomic}
   size_t MinHeapSize                              = 8388608                                   {product} {ergonomic}
    uintx NonNMethodCodeHeapSize                   = 4096                                   {pd product} {ergonomic}
    uintx NonProfiledCodeHeapSize                  = 0                                      {pd product} {ergonomic}
     bool ProfileInterpreter                       = false                                  {pd product} {command line}
    uintx ProfiledCodeHeapSize                     = 0                                      {pd product} {ergonomic}
     bool ShowCodeDetailsInExceptionMessages       = true                                   {manageable} {command line}
   size_t SoftMaxHeapSize                          = 4253024256                             {manageable} {ergonomic}
     intx TieredStopAtLevel                        = 1                                         {product} {command line}
     bool UseCompressedOops                        = true                           {product lp64_product} {ergonomic}
     bool UseG1GC                                  = true                                      {product} {ergonomic}
     bool UseLargePagesIndividualAllocation        = false                                  {pd product} {ergonomic}

Logging:
Log output configuration:
 #0: stdout all=warning uptime,level,tags foldmultilines=false
 #1: stderr all=off uptime,level,tags foldmultilines=false

Release file:
IMPLEMENTOR="Oracle Corporation" 
JAVA_RUNTIME_VERSION="25.0.2+10-LTS-69" 
JAVA_VERSION="25.0.2" 
JAVA_VERSION_DATE="2026-01-20" 
LIBC="default" 
MODULES="java.base java.compiler java.datatransfer java.xml java.prefs java.desktop java.instrument java.logging java.management java.security.sasl java.naming java.rmi java.management.rmi java.net.http java.scripting java.security.jgss java.transaction.xa java.sql java.sql.rowset java.xml.crypto java.se java.smartcardio jdk.accessibility jdk.internal.jvmstat jdk.attach jdk.charsets jdk.internal.opt jdk.zipfs jdk.compiler jdk.crypto.cryptoki jdk.crypto.ec jdk.crypto.mscapi jdk.dynalink jdk.internal.ed jdk.editpad jdk.internal.vm.ci jdk.graal.compiler jdk.graal.compiler.management jdk.hotspot.agent jdk.httpserver jdk.incubator.vector jdk.internal.le jdk.internal.md jdk.jartool jdk.javadoc jdk.jcmd jdk.management jdk.management.agent jdk.jconsole jdk.jdeps jdk.jdwp.agent jdk.jdi jdk.jfr jdk.jlink jdk.jpackage jdk.jshell jdk.jsobject jdk.jstatd jdk.localedata jdk.management.jfr jdk.naming.dns jdk.naming.rmi jdk.net jdk.nio.mapmode jdk.sctp jdk.security.auth jdk.security.jgss jdk.unsupported jdk.unsupported.desktop jdk.xml.dom" 
OS_ARCH="x86_64" 
OS_NAME="Windows" 
SOURCE=".:git:b75efb40c93a open:git:405a5699ebd0" 

Environment Variables:
PATH=D:/Java/sts-5.0.1.RELEASE//plugins/org.eclipse.justj.openjdk.hotspot.jre.full.win32.x86_64_25.0.1.v20251108-1451/jre/bin/server;D:/Java/sts-5.0.1.RELEASE//plugins/org.eclipse.justj.openjdk.hotspot.jre.full.win32.x86_64_25.0.1.v20251108-1451/jre/bin;C:\Program Files\Common Files\Oracle\Java\javapath;C:\Windows\system32;C:\Windows;C:\Windows\System32\Wbem;C:\Windows\System32\WindowsPowerShell\v1.0\;C:\Windows\System32\OpenSSH\;C:\Program Files (x86)\NVIDIA Corporation\PhysX\Common;C:\Program Files\NVIDIA Corporation\NVIDIA NvDLISR;D:\Git\cmd;D:\Git\bin;;%SystemRoot%\system32;%SystemRoot%;%SystemRoot%\System32\Wbem;%SYSTEMROOT%\System32\WindowsPowerShell\v1.0\;%SYSTEMROOT%\System32\OpenSSH\;C:\Program Files\MySQL\MySQL Shell 8.0\bin\;C:\Users\thedh\AppData\Local\Microsoft\WindowsApps;;D:\Java\sts-5.0.1.RELEASE;
USERNAME=thedh
OS=Windows_NT
PROCESSOR_IDENTIFIER=Intel64 Family 6 Model 165 Stepping 2, GenuineIntel
TMP=C:\Users\thedh\AppData\Local\Temp
TEMP=C:\Users\thedh\AppData\Local\Temp




Compilation memory statistics disabled.

Periodic native trim disabled

---------------  S Y S T E M  ---------------

OS:
 Windows 11 , 64 bit Build 26100 (10.0.26100.7920)
OS uptime: 0 days 7:09 hours

CPU: total 8 (initial active 8) (4 cores per cpu, 2 threads per core) family 6 model 165 stepping 2 microcode 0xe0, cx8, cmov, fxsr, ht, mmx, 3dnowpref, sse, sse2, sse3, ssse3, sse4.1, sse4.2, popcnt, lzcnt, tsc, tscinvbit, avx, avx2, aes, erms, clmul, bmi1, bmi2, adx, fma, vzeroupper, clflush, clflushopt, rdtscp, f16c, pku
Processor Information for the first 8 processors :
  Max Mhz: 2496, Current Mhz: 2496, Mhz Limit: 2496

Memory: 4k page, system-wide physical 16221M (7613M free)
TotalPageFile size 17245M (AvailPageFile size 5355M)
current process WorkingSet (physical memory assigned to process): 349M, peak: 351M
current process commit charge ("private bytes"): 389M, peak: 391M

vm_info: Java HotSpot(TM) 64-Bit Server VM (25.0.2+10-LTS-69) for windows-amd64 JRE (25.0.2+10-LTS-69), built on 2025-12-18T11:36:35Z with MS VC++ 17.13 (VS2022)

END.
